<?xml version="1.0" encoding="UTF-8"?>
<coverage generated="1782532967453" clover="3.2.0">
  <project timestamp="1782532967453" name="All files">
    <metrics statements="130" coveredstatements="96" conditionals="48" coveredconditionals="32" methods="24" coveredmethods="16" elements="202" coveredelements="144" complexity="0" loc="130" ncloc="130" packages="2" files="3" classes="3"/>
    <package name="event-bus">
      <metrics statements="45" coveredstatements="17" conditionals="14" coveredconditionals="3" methods="8" coveredmethods="3"/>
      <file name="event-bus.ts" path="/Users/praveenveera/Documents/work-offline/project-vyom/packages/engine/src/event-bus/event-bus.ts">
        <metrics statements="45" coveredstatements="17" conditionals="14" coveredconditionals="3" methods="8" coveredmethods="3"/>
        <line num="116" count="1" type="stmt"/>
        <line num="117" count="1" type="stmt"/>
        <line num="125" count="46" type="stmt"/>
        <line num="126" count="46" type="cond" truecount="1" falsecount="0"/>
        <line num="127" count="4" type="stmt"/>
        <line num="128" count="4" type="stmt"/>
        <line num="129" count="4" type="stmt"/>
        <line num="131" count="0" type="stmt"/>
        <line num="136" count="46" type="stmt"/>
        <line num="137" count="46" type="cond" truecount="0" falsecount="1"/>
        <line num="138" count="0" type="stmt"/>
        <line num="139" count="0" type="stmt"/>
        <line num="140" count="0" type="stmt"/>
        <line num="142" count="0" type="stmt"/>
        <line num="145" count="0" type="stmt"/>
        <line num="154" count="0" type="stmt"/>
        <line num="156" count="0" type="stmt"/>
        <line num="157" count="0" type="cond" truecount="0" falsecount="1"/>
        <line num="158" count="0" type="stmt"/>
        <line num="159" count="0" type="stmt"/>
        <line num="160" count="0" type="cond" truecount="0" falsecount="1"/>
        <line num="164" count="0" type="stmt"/>
        <line num="165" count="0" type="cond" truecount="0" falsecount="1"/>
        <line num="166" count="0" type="stmt"/>
        <line num="167" count="0" type="stmt"/>
        <line num="168" count="0" type="cond" truecount="0" falsecount="1"/>
        <line num="170" count="0" type="stmt"/>
        <line num="173" count="0" type="stmt"/>
        <line num="180" count="5" type="cond" truecount="1" falsecount="0"/>
        <line num="181" count="5" type="stmt"/>
        <line num="183" count="5" type="stmt"/>
        <line num="185" count="5" type="stmt"/>
        <line num="187" count="0" type="stmt"/>
        <line num="197" count="0" type="cond" truecount="0" falsecount="1"/>
        <line num="198" count="0" type="stmt"/>
        <line num="200" count="0" type="stmt"/>
        <line num="202" count="0" type="stmt"/>
        <line num="204" count="0" type="stmt"/>
        <line num="214" count="24" type="cond" truecount="1" falsecount="1"/>
        <line num="215" count="0" type="stmt"/>
        <line num="216" count="0" type="stmt"/>
        <line num="218" count="24" type="stmt"/>
        <line num="219" count="24" type="stmt"/>
        <line num="228" count="0" type="cond" truecount="0" falsecount="4"/>
        <line num="233" count="1" type="stmt"/>
      </file>
    </package>
    <package name="workspace-manager">
      <metrics statements="85" coveredstatements="79" conditionals="34" coveredconditionals="29" methods="16" coveredmethods="13"/>
      <file name="database.ts" path="/Users/praveenveera/Documents/work-offline/project-vyom/packages/engine/src/workspace-manager/database.ts">
        <metrics statements="17" coveredstatements="13" conditionals="4" coveredconditionals="2" methods="4" coveredmethods="1"/>
        <line num="16" count="0" type="stmt"/>
        <line num="20" count="0" type="stmt"/>
        <line num="24" count="0" type="stmt"/>
        <line num="29" count="1" type="stmt"/>
        <line num="31" count="1" type="stmt"/>
        <line num="145" count="26" type="cond" truecount="1" falsecount="1"/>
        <line num="148" count="26" type="stmt"/>
        <line num="149" count="26" type="cond" truecount="0" falsecount="1"/>
        <line num="150" count="0" type="stmt"/>
        <line num="153" count="26" type="stmt"/>
        <line num="156" count="26" type="stmt"/>
        <line num="157" count="26" type="stmt"/>
        <line num="160" count="26" type="stmt"/>
        <line num="163" count="26" type="stmt"/>
        <line num="167" count="26" type="cond" truecount="1" falsecount="0"/>
        <line num="168" count="23" type="stmt"/>
        <line num="171" count="26" type="stmt"/>
      </file>
      <file name="workspace-manager.ts" path="/Users/praveenveera/Documents/work-offline/project-vyom/packages/engine/src/workspace-manager/workspace-manager.ts">
        <metrics statements="68" coveredstatements="66" conditionals="30" coveredconditionals="27" methods="12" coveredmethods="12"/>
        <line num="94" count="26" type="stmt"/>
        <line num="105" count="36" type="stmt"/>
        <line num="120" count="36" type="cond" truecount="0" falsecount="1"/>
        <line num="121" count="0" type="stmt"/>
        <line num="124" count="36" type="cond" truecount="0" falsecount="1"/>
        <line num="125" count="0" type="stmt"/>
        <line num="128" count="36" type="stmt"/>
        <line num="145" count="27" type="stmt"/>
        <line num="155" count="26" type="stmt"/>
        <line num="158" count="26" type="stmt"/>
        <line num="162" count="26" type="cond" truecount="2" falsecount="0"/>
        <line num="163" count="3" type="stmt"/>
        <line num="166" count="23" type="stmt"/>
        <line num="167" count="23" type="stmt"/>
        <line num="169" count="23" type="stmt"/>
        <line num="174" count="23" type="stmt"/>
        <line num="178" count="23" type="stmt"/>
        <line num="180" count="23" type="stmt"/>
        <line num="186" count="26" type="stmt"/>
        <line num="187" count="26" type="stmt"/>
        <line num="197" count="3" type="stmt"/>
        <line num="198" count="2" type="stmt"/>
        <line num="206" count="3" type="stmt"/>
        <line num="208" count="3" type="stmt"/>
        <line num="209" count="3" type="stmt"/>
        <line num="211" count="3" type="stmt"/>
        <line num="217" count="3" type="stmt"/>
        <line num="223" count="3" type="stmt"/>
        <line num="225" count="3" type="stmt"/>
        <line num="235" count="17" type="stmt"/>
        <line num="237" count="17" type="stmt"/>
        <line num="238" count="17" type="stmt"/>
        <line num="239" count="17" type="stmt"/>
        <line num="241" count="17" type="stmt"/>
        <line num="264" count="17" type="stmt"/>
        <line num="268" count="17" type="stmt"/>
        <line num="270" count="17" type="stmt"/>
        <line num="276" count="17" type="stmt"/>
        <line num="283" count="21" type="stmt"/>
        <line num="285" count="21" type="stmt"/>
        <line num="289" count="21" type="stmt"/>
        <line num="297" count="7" type="stmt"/>
        <line num="299" count="7" type="stmt"/>
        <line num="303" count="7" type="cond" truecount="2" falsecount="0"/>
        <line num="311" count="4" type="stmt"/>
        <line num="313" count="4" type="stmt"/>
        <line num="317" count="4" type="cond" truecount="1" falsecount="0"/>
        <line num="318" count="1" type="stmt"/>
        <line num="322" count="3" type="stmt"/>
        <line num="326" count="3" type="stmt"/>
        <line num="330" count="3" type="stmt"/>
        <line num="332" count="3" type="stmt"/>
        <line num="338" count="3" type="stmt"/>
        <line num="342" count="3" type="stmt"/>
        <line num="351" count="3" type="stmt"/>
        <line num="353" count="3" type="stmt"/>
        <line num="357" count="3" type="cond" truecount="1" falsecount="0"/>
        <line num="358" count="1" type="stmt"/>
        <line num="361" count="2" type="stmt"/>
        <line num="363" count="2" type="stmt"/>
        <line num="368" count="2" type="cond" truecount="1" falsecount="0"/>
        <line num="369" count="2" type="stmt"/>
        <line num="373" count="2" type="cond" truecount="1" falsecount="0"/>
        <line num="374" count="1" type="stmt"/>
        <line num="388" count="30" type="cond" truecount="1" falsecount="0"/>
        <line num="389" count="29" type="stmt"/>
        <line num="396" count="58" type="cond" truecount="1" falsecount="0"/>
        <line num="397" count="1" type="stmt"/>
      </file>
    </package>
  </project>
</coverage>
