<?xml version="1.0" encoding="UTF-8"?>
<coverage generated="1782715066425" clover="3.2.0">
  <project timestamp="1782715066425" name="All files">
    <metrics statements="463" coveredstatements="410" conditionals="128" coveredconditionals="97" methods="109" coveredmethods="93" elements="700" coveredelements="600" complexity="0" loc="463" ncloc="463" packages="7" files="9" classes="9"/>
    <package name="agent-runner">
      <metrics statements="78" coveredstatements="73" conditionals="31" coveredconditionals="23" methods="23" coveredmethods="21"/>
      <file name="agent-runner.ts" path="/Users/praveenveera/Documents/work-offline/project-vyom/packages/engine/src/agent-runner/agent-runner.ts">
        <metrics statements="57" coveredstatements="54" conditionals="26" coveredconditionals="19" methods="7" coveredmethods="7"/>
        <line num="37" count="26" type="stmt"/>
        <line num="44" count="18" type="cond" truecount="2" falsecount="0"/>
        <line num="45" count="18" type="stmt"/>
        <line num="48" count="18" type="stmt"/>
        <line num="49" count="18" type="stmt"/>
        <line num="51" count="1" type="cond" truecount="1" falsecount="1"/>
        <line num="52" count="1" type="stmt"/>
        <line num="55" count="17" type="stmt"/>
        <line num="61" count="17" type="stmt"/>
        <line num="62" count="17" type="stmt"/>
        <line num="70" count="16" type="stmt"/>
        <line num="76" count="16" type="stmt"/>
        <line num="82" count="1" type="cond" truecount="1" falsecount="1"/>
        <line num="84" count="1" type="stmt"/>
        <line num="90" count="1" type="stmt"/>
        <line num="106" count="3" type="stmt"/>
        <line num="107" count="3" type="cond" truecount="2" falsecount="0"/>
        <line num="108" count="3" type="stmt"/>
        <line num="110" count="3" type="stmt"/>
        <line num="116" count="3" type="stmt"/>
        <line num="117" count="3" type="stmt"/>
        <line num="128" count="3" type="stmt"/>
        <line num="130" count="3" type="stmt"/>
        <line num="131" count="4" type="stmt"/>
        <line num="132" count="4" type="stmt"/>
        <line num="135" count="2" type="stmt"/>
        <line num="142" count="2" type="cond" truecount="1" falsecount="0"/>
        <line num="143" count="2" type="stmt"/>
        <line num="146" count="1" type="cond" truecount="1" falsecount="1"/>
        <line num="148" count="1" type="stmt"/>
        <line num="149" count="1" type="stmt"/>
        <line num="155" count="2" type="stmt"/>
        <line num="160" count="5" type="stmt"/>
        <line num="166" count="21" type="stmt"/>
        <line num="167" count="21" type="cond" truecount="1" falsecount="0"/>
        <line num="168" count="1" type="stmt"/>
        <line num="170" count="20" type="stmt"/>
        <line num="179" count="16" type="cond" truecount="4" falsecount="0"/>
        <line num="180" count="4" type="stmt"/>
        <line num="183" count="12" type="stmt"/>
        <line num="186" count="12" type="stmt"/>
        <line num="187" count="12" type="stmt"/>
        <line num="188" count="12" type="cond" truecount="0" falsecount="1"/>
        <line num="189" count="0" type="cond" truecount="0" falsecount="1"/>
        <line num="190" count="0" type="stmt"/>
        <line num="192" count="0" type="stmt"/>
        <line num="196" count="12" type="stmt"/>
        <line num="197" count="12" type="stmt"/>
        <line num="198" count="12" type="cond" truecount="1" falsecount="0"/>
        <line num="199" count="1" type="stmt"/>
        <line num="200" count="1" type="stmt"/>
        <line num="201" count="1" type="stmt"/>
        <line num="208" count="11" type="stmt"/>
        <line num="209" count="11" type="stmt"/>
        <line num="210" count="11" type="cond" truecount="1" falsecount="0"/>
        <line num="211" count="1" type="stmt"/>
        <line num="214" count="10" type="stmt"/>
      </file>
      <file name="built-in-agents.ts" path="/Users/praveenveera/Documents/work-offline/project-vyom/packages/engine/src/agent-runner/built-in-agents.ts">
        <metrics statements="21" coveredstatements="19" conditionals="5" coveredconditionals="4" methods="16" coveredmethods="14"/>
        <line num="22" count="20" type="cond" truecount="1" falsecount="0"/>
        <line num="23" count="1" type="stmt"/>
        <line num="24" count="1" type="cond" truecount="1" falsecount="0"/>
        <line num="25" count="1" type="cond" truecount="1" falsecount="0"/>
        <line num="26" count="1" type="stmt"/>
        <line num="28" count="1" type="cond" truecount="1" falsecount="1"/>
        <line num="31" count="1" type="stmt"/>
        <line num="38" count="0" type="stmt"/>
        <line num="42" count="0" type="stmt"/>
        <line num="51" count="13" type="stmt"/>
        <line num="69" count="13" type="stmt"/>
        <line num="78" count="2" type="stmt"/>
        <line num="88" count="2" type="stmt"/>
        <line num="97" count="2" type="stmt"/>
        <line num="106" count="2" type="stmt"/>
        <line num="115" count="1" type="stmt"/>
        <line num="125" count="1" type="stmt"/>
        <line num="134" count="2" type="stmt"/>
        <line num="142" count="2" type="stmt"/>
        <line num="146" count="1" type="stmt"/>
        <line num="147" count="6" type="stmt"/>
      </file>
    </package>
    <package name="cost-engine">
      <metrics statements="44" coveredstatements="44" conditionals="5" coveredconditionals="5" methods="10" coveredmethods="10"/>
      <file name="cost-engine.ts" path="/Users/praveenveera/Documents/work-offline/project-vyom/packages/engine/src/cost-engine/cost-engine.ts">
        <metrics statements="44" coveredstatements="44" conditionals="5" coveredconditionals="5" methods="10" coveredmethods="10"/>
        <line num="73" count="13" type="stmt"/>
        <line num="94" count="12" type="stmt"/>
        <line num="101" count="1" type="stmt"/>
        <line num="102" count="1" type="stmt"/>
        <line num="120" count="12" type="cond" truecount="1" falsecount="0"/>
        <line num="121" count="1" type="stmt"/>
        <line num="122" count="1" type="stmt"/>
        <line num="127" count="13" type="stmt"/>
        <line num="128" count="13" type="stmt"/>
        <line num="129" count="13" type="stmt"/>
        <line num="131" count="13" type="stmt"/>
        <line num="153" count="13" type="stmt"/>
        <line num="157" count="13" type="stmt"/>
        <line num="159" count="13" type="stmt"/>
        <line num="165" count="13" type="stmt"/>
        <line num="169" count="6" type="stmt"/>
        <line num="173" count="6" type="stmt"/>
        <line num="177" count="1" type="stmt"/>
        <line num="181" count="1" type="stmt"/>
        <line num="185" count="1" type="stmt"/>
        <line num="191" count="1" type="stmt"/>
        <line num="196" count="8" type="stmt"/>
        <line num="197" count="8" type="stmt"/>
        <line num="198" count="8" type="stmt"/>
        <line num="199" count="8" type="stmt"/>
        <line num="200" count="8" type="stmt"/>
        <line num="201" count="8" type="stmt"/>
        <line num="202" count="8" type="stmt"/>
        <line num="204" count="8" type="stmt"/>
        <line num="205" count="9" type="stmt"/>
        <line num="206" count="9" type="stmt"/>
        <line num="207" count="9" type="stmt"/>
        <line num="208" count="9" type="stmt"/>
        <line num="210" count="9" type="cond" truecount="2" falsecount="0"/>
        <line num="211" count="1" type="stmt"/>
        <line num="213" count="8" type="stmt"/>
        <line num="216" count="9" type="stmt"/>
        <line num="217" count="9" type="stmt"/>
        <line num="218" count="9" type="stmt"/>
        <line num="220" count="9" type="stmt"/>
        <line num="221" count="9" type="stmt"/>
        <line num="222" count="9" type="stmt"/>
        <line num="223" count="9" type="stmt"/>
        <line num="226" count="8" type="stmt"/>
      </file>
    </package>
    <package name="event-bus">
      <metrics statements="45" coveredstatements="18" conditionals="14" coveredconditionals="3" methods="8" coveredmethods="4"/>
      <file name="event-bus.ts" path="/Users/praveenveera/Documents/work-offline/project-vyom/packages/engine/src/event-bus/event-bus.ts">
        <metrics statements="45" coveredstatements="18" conditionals="14" coveredconditionals="3" methods="8" coveredmethods="4"/>
        <line num="116" count="6" type="stmt"/>
        <line num="117" count="6" type="stmt"/>
        <line num="125" count="191" type="stmt"/>
        <line num="126" count="191" type="cond" truecount="1" falsecount="0"/>
        <line num="127" count="28" type="stmt"/>
        <line num="128" count="28" type="stmt"/>
        <line num="129" count="28" type="stmt"/>
        <line num="131" count="0" type="stmt"/>
        <line num="136" count="191" type="stmt"/>
        <line num="137" count="191" type="cond" truecount="0" falsecount="1"/>
        <line num="138" count="0" type="stmt"/>
        <line num="139" count="0" type="stmt"/>
        <line num="140" count="0" type="stmt"/>
        <line num="142" count="0" type="stmt"/>
        <line num="145" count="0" type="stmt"/>
        <line num="154" count="0" type="stmt"/>
        <line num="156" count="0" type="stmt"/>
        <line num="157" count="0" type="cond" truecount="0" falsecount="1"/>
        <line num="158" count="0" type="stmt"/>
        <line num="159" count="0" type="stmt"/>
        <line num="160" count="0" type="cond" truecount="0" falsecount="1"/>
        <line num="164" count="0" type="stmt"/>
        <line num="165" count="0" type="cond" truecount="0" falsecount="1"/>
        <line num="166" count="0" type="stmt"/>
        <line num="167" count="0" type="stmt"/>
        <line num="168" count="0" type="cond" truecount="0" falsecount="1"/>
        <line num="170" count="0" type="stmt"/>
        <line num="173" count="0" type="stmt"/>
        <line num="180" count="31" type="cond" truecount="1" falsecount="0"/>
        <line num="181" count="31" type="stmt"/>
        <line num="183" count="31" type="stmt"/>
        <line num="185" count="31" type="stmt"/>
        <line num="187" count="1" type="stmt"/>
        <line num="197" count="0" type="cond" truecount="0" falsecount="1"/>
        <line num="198" count="0" type="stmt"/>
        <line num="200" count="0" type="stmt"/>
        <line num="202" count="0" type="stmt"/>
        <line num="204" count="0" type="stmt"/>
        <line num="214" count="129" type="cond" truecount="1" falsecount="1"/>
        <line num="215" count="0" type="stmt"/>
        <line num="216" count="0" type="stmt"/>
        <line num="218" count="129" type="stmt"/>
        <line num="219" count="129" type="stmt"/>
        <line num="228" count="0" type="cond" truecount="0" falsecount="4"/>
        <line num="233" count="6" type="stmt"/>
      </file>
    </package>
    <package name="file-system">
      <metrics statements="90" coveredstatements="84" conditionals="22" coveredconditionals="19" methods="26" coveredmethods="20"/>
      <file name="file-system.ts" path="/Users/praveenveera/Documents/work-offline/project-vyom/packages/engine/src/file-system/file-system.ts">
        <metrics statements="90" coveredstatements="84" conditionals="22" coveredconditionals="19" methods="26" coveredmethods="20"/>
        <line num="47" count="1" type="stmt"/>
        <line num="52" count="31" type="stmt"/>
        <line num="54" count="31" type="stmt"/>
        <line num="59" count="9" type="stmt"/>
        <line num="60" count="8" type="stmt"/>
        <line num="64" count="1" type="stmt"/>
        <line num="65" count="1" type="stmt"/>
        <line num="71" count="21" type="stmt"/>
        <line num="72" count="21" type="stmt"/>
        <line num="74" count="21" type="stmt"/>
        <line num="76" count="21" type="stmt"/>
        <line num="77" count="21" type="stmt"/>
        <line num="78" count="21" type="stmt"/>
        <line num="80" count="19" type="stmt"/>
        <line num="83" count="21" type="stmt"/>
        <line num="85" count="21" type="cond" truecount="2" falsecount="0"/>
        <line num="92" count="1" type="stmt"/>
        <line num="93" count="1" type="stmt"/>
        <line num="95" count="1" type="stmt"/>
        <line num="97" count="1" type="stmt"/>
        <line num="98" count="1" type="stmt"/>
        <line num="99" count="1" type="stmt"/>
        <line num="101" count="1" type="stmt"/>
        <line num="104" count="1" type="stmt"/>
        <line num="106" count="1" type="cond" truecount="1" falsecount="1"/>
        <line num="115" count="3" type="stmt"/>
        <line num="116" count="3" type="stmt"/>
        <line num="117" count="2" type="stmt"/>
        <line num="121" count="2" type="stmt"/>
        <line num="122" count="2" type="stmt"/>
        <line num="123" count="2" type="stmt"/>
        <line num="124" count="2" type="stmt"/>
        <line num="125" count="2" type="stmt"/>
        <line num="126" count="2" type="stmt"/>
        <line num="130" count="2" type="stmt"/>
        <line num="131" count="2" type="stmt"/>
        <line num="132" count="2" type="stmt"/>
        <line num="133" count="2" type="stmt"/>
        <line num="134" count="2" type="stmt"/>
        <line num="140" count="2" type="stmt"/>
        <line num="141" count="2" type="stmt"/>
        <line num="145" count="5" type="stmt"/>
        <line num="146" count="5" type="cond" truecount="2" falsecount="0"/>
        <line num="147" count="5" type="stmt"/>
        <line num="149" count="5" type="stmt"/>
        <line num="151" count="6" type="stmt"/>
        <line num="152" count="6" type="cond" truecount="2" falsecount="0"/>
        <line num="153" count="6" type="stmt"/>
        <line num="169" count="5" type="stmt"/>
        <line num="170" count="5" type="stmt"/>
        <line num="171" count="5" type="stmt"/>
        <line num="172" count="5" type="stmt"/>
        <line num="176" count="2" type="stmt"/>
        <line num="177" count="2" type="stmt"/>
        <line num="178" count="2" type="stmt"/>
        <line num="179" count="1" type="stmt"/>
        <line num="181" count="1" type="stmt"/>
        <line num="196" count="5" type="cond" truecount="1" falsecount="0"/>
        <line num="198" count="4" type="stmt"/>
        <line num="202" count="0" type="cond" truecount="0" falsecount="1"/>
        <line num="203" count="0" type="stmt"/>
        <line num="204" count="0" type="stmt"/>
        <line num="206" count="0" type="stmt"/>
        <line num="207" count="0" type="stmt"/>
        <line num="208" count="0" type="stmt"/>
        <line num="212" count="4" type="stmt"/>
        <line num="213" count="4" type="stmt"/>
        <line num="217" count="1" type="stmt"/>
        <line num="218" count="1" type="cond" truecount="1" falsecount="0"/>
        <line num="219" count="1" type="stmt"/>
        <line num="220" count="1" type="stmt"/>
        <line num="225" count="5" type="stmt"/>
        <line num="230" count="33" type="stmt"/>
        <line num="231" count="3" type="stmt"/>
        <line num="233" count="33" type="stmt"/>
        <line num="239" count="53" type="stmt"/>
        <line num="243" count="53" type="cond" truecount="1" falsecount="0"/>
        <line num="244" count="52" type="stmt"/>
        <line num="254" count="12" type="cond" truecount="1" falsecount="0"/>
        <line num="256" count="11" type="cond" truecount="2" falsecount="0"/>
        <line num="257" count="11" type="stmt"/>
        <line num="259" count="11" type="stmt"/>
        <line num="260" count="13" type="cond" truecount="1" falsecount="0"/>
        <line num="262" count="11" type="cond" truecount="2" falsecount="0"/>
        <line num="263" count="11" type="stmt"/>
        <line num="264" count="11" type="cond" truecount="0" falsecount="1"/>
        <line num="266" count="11" type="stmt"/>
        <line num="274" count="11" type="cond" truecount="1" falsecount="0"/>
        <line num="275" count="7" type="stmt"/>
        <line num="284" count="47" type="stmt"/>
      </file>
    </package>
    <package name="project-manager">
      <metrics statements="55" coveredstatements="54" conditionals="9" coveredconditionals="8" methods="11" coveredmethods="11"/>
      <file name="project-manager.ts" path="/Users/praveenveera/Documents/work-offline/project-vyom/packages/engine/src/project-manager/project-manager.ts">
        <metrics statements="55" coveredstatements="54" conditionals="9" coveredconditionals="8" methods="11" coveredmethods="11"/>
        <line num="53" count="32" type="stmt"/>
        <line num="70" count="20" type="stmt"/>
        <line num="71" count="20" type="stmt"/>
        <line num="75" count="17" type="stmt"/>
        <line num="76" count="17" type="stmt"/>
        <line num="78" count="17" type="stmt"/>
        <line num="92" count="17" type="stmt"/>
        <line num="93" count="17" type="stmt"/>
        <line num="95" count="17" type="stmt"/>
        <line num="101" count="17" type="stmt"/>
        <line num="105" count="13" type="stmt"/>
        <line num="109" count="13" type="cond" truecount="1" falsecount="0"/>
        <line num="110" count="2" type="stmt"/>
        <line num="113" count="11" type="stmt"/>
        <line num="117" count="5" type="stmt"/>
        <line num="118" count="5" type="stmt"/>
        <line num="120" count="5" type="cond" truecount="1" falsecount="0"/>
        <line num="121" count="2" type="stmt"/>
        <line num="122" count="2" type="stmt"/>
        <line num="125" count="5" type="stmt"/>
        <line num="127" count="5" type="stmt"/>
        <line num="128" count="5" type="stmt"/>
        <line num="132" count="1" type="stmt"/>
        <line num="133" count="1" type="stmt"/>
        <line num="134" count="1" type="stmt"/>
        <line num="138" count="1" type="stmt"/>
        <line num="139" count="1" type="stmt"/>
        <line num="143" count="5" type="stmt"/>
        <line num="145" count="5" type="stmt"/>
        <line num="149" count="5" type="cond" truecount="1" falsecount="0"/>
        <line num="150" count="1" type="stmt"/>
        <line num="153" count="4" type="stmt"/>
        <line num="154" count="4" type="stmt"/>
        <line num="155" count="4" type="stmt"/>
        <line num="159" count="1" type="stmt"/>
        <line num="161" count="1" type="stmt"/>
        <line num="165" count="1" type="cond" truecount="0" falsecount="1"/>
        <line num="166" count="0" type="stmt"/>
        <line num="169" count="1" type="stmt"/>
        <line num="173" count="3" type="stmt"/>
        <line num="174" count="3" type="stmt"/>
        <line num="175" count="3" type="stmt"/>
        <line num="177" count="3" type="cond" truecount="1" falsecount="0"/>
        <line num="178" count="2" type="stmt"/>
        <line num="179" count="2" type="stmt"/>
        <line num="182" count="3" type="cond" truecount="1" falsecount="0"/>
        <line num="183" count="1" type="stmt"/>
        <line num="184" count="1" type="stmt"/>
        <line num="187" count="3" type="stmt"/>
        <line num="189" count="3" type="stmt"/>
        <line num="193" count="3" type="cond" truecount="1" falsecount="0"/>
        <line num="194" count="1" type="stmt"/>
        <line num="197" count="2" type="stmt"/>
        <line num="201" count="2" type="stmt"/>
        <line num="203" count="1" type="stmt"/>
      </file>
    </package>
    <package name="session-manager">
      <metrics statements="59" coveredstatements="51" conditionals="12" coveredconditionals="9" methods="13" coveredmethods="12"/>
      <file name="session-manager.ts" path="/Users/praveenveera/Documents/work-offline/project-vyom/packages/engine/src/session-manager/session-manager.ts">
        <metrics statements="59" coveredstatements="51" conditionals="12" coveredconditionals="9" methods="13" coveredmethods="12"/>
        <line num="75" count="41" type="stmt"/>
        <line num="81" count="41" type="cond" truecount="1" falsecount="0"/>
        <line num="82" count="41" type="stmt"/>
        <line num="86" count="20" type="stmt"/>
        <line num="93" count="20" type="cond" truecount="1" falsecount="0"/>
        <line num="94" count="20" type="cond" truecount="0" falsecount="1"/>
        <line num="95" count="20" type="stmt"/>
        <line num="101" count="18" type="stmt"/>
        <line num="104" count="16" type="stmt"/>
        <line num="105" count="16" type="stmt"/>
        <line num="106" count="16" type="cond" truecount="2" falsecount="0"/>
        <line num="108" count="16" type="stmt"/>
        <line num="113" count="16" type="stmt"/>
        <line num="114" count="16" type="stmt"/>
        <line num="116" count="16" type="stmt"/>
        <line num="118" count="16" type="stmt"/>
        <line num="122" count="4" type="stmt"/>
        <line num="124" count="4" type="cond" truecount="1" falsecount="0"/>
        <line num="126" count="3" type="stmt"/>
        <line num="127" count="3" type="stmt"/>
        <line num="129" count="3" type="stmt"/>
        <line num="131" count="3" type="stmt"/>
        <line num="132" count="3" type="stmt"/>
        <line num="134" count="3" type="stmt"/>
        <line num="138" count="25" type="stmt"/>
        <line num="142" count="25" type="cond" truecount="1" falsecount="0"/>
        <line num="144" count="23" type="stmt"/>
        <line num="149" count="2" type="stmt"/>
        <line num="153" count="2" type="stmt"/>
        <line num="157" count="10" type="stmt"/>
        <line num="159" count="9" type="stmt"/>
        <line num="160" count="9" type="stmt"/>
        <line num="162" count="9" type="stmt"/>
        <line num="167" count="9" type="stmt"/>
        <line num="168" count="9" type="stmt"/>
        <line num="170" count="9" type="stmt"/>
        <line num="172" count="9" type="stmt"/>
        <line num="181" count="3" type="stmt"/>
        <line num="183" count="3" type="stmt"/>
        <line num="184" count="3" type="stmt"/>
        <line num="186" count="3" type="stmt"/>
        <line num="198" count="3" type="stmt"/>
        <line num="199" count="3" type="stmt"/>
        <line num="201" count="3" type="stmt"/>
        <line num="202" count="3" type="stmt"/>
        <line num="215" count="3" type="stmt"/>
        <line num="219" count="0" type="stmt"/>
        <line num="221" count="0" type="stmt"/>
        <line num="222" count="0" type="stmt"/>
        <line num="224" count="0" type="stmt"/>
        <line num="229" count="0" type="stmt"/>
        <line num="230" count="0" type="stmt"/>
        <line num="232" count="0" type="stmt"/>
        <line num="234" count="0" type="stmt"/>
        <line num="238" count="3" type="stmt"/>
        <line num="240" count="3" type="stmt"/>
        <line num="244" count="3" type="stmt"/>
        <line num="252" count="2" type="stmt"/>
        <line num="253" count="4" type="stmt"/>
      </file>
    </package>
    <package name="workspace-manager">
      <metrics statements="92" coveredstatements="86" conditionals="35" coveredconditionals="30" methods="18" coveredmethods="15"/>
      <file name="database.ts" path="/Users/praveenveera/Documents/work-offline/project-vyom/packages/engine/src/workspace-manager/database.ts">
        <metrics statements="17" coveredstatements="13" conditionals="4" coveredconditionals="2" methods="4" coveredmethods="1"/>
        <line num="16" count="0" type="stmt"/>
        <line num="20" count="0" type="stmt"/>
        <line num="24" count="0" type="stmt"/>
        <line num="29" count="5" type="stmt"/>
        <line num="31" count="5" type="stmt"/>
        <line num="145" count="110" type="cond" truecount="1" falsecount="1"/>
        <line num="148" count="110" type="stmt"/>
        <line num="149" count="110" type="cond" truecount="0" falsecount="1"/>
        <line num="150" count="0" type="stmt"/>
        <line num="153" count="110" type="stmt"/>
        <line num="156" count="110" type="stmt"/>
        <line num="157" count="110" type="stmt"/>
        <line num="160" count="110" type="stmt"/>
        <line num="163" count="110" type="stmt"/>
        <line num="167" count="110" type="cond" truecount="1" falsecount="0"/>
        <line num="168" count="107" type="stmt"/>
        <line num="171" count="110" type="stmt"/>
      </file>
      <file name="workspace-manager.ts" path="/Users/praveenveera/Documents/work-offline/project-vyom/packages/engine/src/workspace-manager/workspace-manager.ts">
        <metrics statements="75" coveredstatements="73" conditionals="31" coveredconditionals="28" methods="14" coveredmethods="14"/>
        <line num="94" count="29" type="stmt"/>
        <line num="105" count="38" type="stmt"/>
        <line num="120" count="38" type="cond" truecount="0" falsecount="1"/>
        <line num="121" count="0" type="stmt"/>
        <line num="124" count="38" type="cond" truecount="0" falsecount="1"/>
        <line num="125" count="0" type="stmt"/>
        <line num="128" count="38" type="stmt"/>
        <line num="145" count="32" type="stmt"/>
        <line num="155" count="29" type="stmt"/>
        <line num="158" count="29" type="stmt"/>
        <line num="162" count="29" type="cond" truecount="2" falsecount="0"/>
        <line num="163" count="3" type="stmt"/>
        <line num="166" count="26" type="stmt"/>
        <line num="167" count="26" type="stmt"/>
        <line num="169" count="26" type="stmt"/>
        <line num="174" count="26" type="stmt"/>
        <line num="178" count="26" type="stmt"/>
        <line num="180" count="26" type="stmt"/>
        <line num="186" count="29" type="stmt"/>
        <line num="187" count="29" type="stmt"/>
        <line num="197" count="3" type="stmt"/>
        <line num="198" count="2" type="stmt"/>
        <line num="206" count="3" type="stmt"/>
        <line num="208" count="3" type="stmt"/>
        <line num="209" count="3" type="stmt"/>
        <line num="211" count="3" type="stmt"/>
        <line num="217" count="3" type="stmt"/>
        <line num="223" count="3" type="stmt"/>
        <line num="225" count="3" type="stmt"/>
        <line num="235" count="18" type="stmt"/>
        <line num="237" count="18" type="stmt"/>
        <line num="238" count="18" type="stmt"/>
        <line num="239" count="18" type="stmt"/>
        <line num="241" count="18" type="stmt"/>
        <line num="264" count="18" type="stmt"/>
        <line num="268" count="18" type="stmt"/>
        <line num="270" count="18" type="stmt"/>
        <line num="276" count="18" type="stmt"/>
        <line num="283" count="22" type="stmt"/>
        <line num="285" count="22" type="stmt"/>
        <line num="289" count="22" type="stmt"/>
        <line num="297" count="7" type="stmt"/>
        <line num="299" count="7" type="stmt"/>
        <line num="303" count="7" type="cond" truecount="2" falsecount="0"/>
        <line num="311" count="4" type="stmt"/>
        <line num="313" count="4" type="stmt"/>
        <line num="317" count="4" type="cond" truecount="1" falsecount="0"/>
        <line num="318" count="1" type="stmt"/>
        <line num="322" count="3" type="stmt"/>
        <line num="326" count="3" type="stmt"/>
        <line num="330" count="3" type="stmt"/>
        <line num="332" count="3" type="stmt"/>
        <line num="338" count="3" type="stmt"/>
        <line num="342" count="3" type="stmt"/>
        <line num="351" count="3" type="stmt"/>
        <line num="353" count="3" type="stmt"/>
        <line num="357" count="3" type="cond" truecount="1" falsecount="0"/>
        <line num="358" count="1" type="stmt"/>
        <line num="361" count="2" type="stmt"/>
        <line num="363" count="2" type="stmt"/>
        <line num="368" count="2" type="cond" truecount="1" falsecount="0"/>
        <line num="369" count="2" type="stmt"/>
        <line num="373" count="2" type="cond" truecount="1" falsecount="0"/>
        <line num="374" count="1" type="stmt"/>
        <line num="388" count="3" type="stmt"/>
        <line num="390" count="2" type="stmt"/>
        <line num="394" count="2" type="cond" truecount="1" falsecount="0"/>
        <line num="395" count="1" type="stmt"/>
        <line num="398" count="1" type="stmt"/>
        <line num="406" count="2" type="stmt"/>
        <line num="407" count="1" type="stmt"/>
        <line num="415" count="35" type="cond" truecount="1" falsecount="0"/>
        <line num="416" count="32" type="stmt"/>
        <line num="423" count="65" type="cond" truecount="1" falsecount="0"/>
        <line num="424" count="3" type="stmt"/>
      </file>
    </package>
  </project>
</coverage>
