{"/Users/praveenveera/Documents/work-offline/project-vyom/packages/engine/src/agent-runner/agent-runner.ts": {"path":"/Users/praveenveera/Documents/work-offline/project-vyom/packages/engine/src/agent-runner/agent-runner.ts","statementMap":{"0":{"start":{"line":37,"column":31},"end":{"line":37,"column":55}},"1":{"start":{"line":44,"column":22},"end":{"line":44,"column":45}},"2":{"start":{"line":45,"column":22},"end":{"line":45,"column":32}},"3":{"start":{"line":48,"column":4},"end":{"line":53,"column":5}},"4":{"start":{"line":49,"column":6},"end":{"line":49,"column":43}},"5":{"start":{"line":51,"column":20},"end":{"line":51,"column":68}},"6":{"start":{"line":52,"column":6},"end":{"line":52,"column":61}},"7":{"start":{"line":55,"column":4},"end":{"line":59,"column":7}},"8":{"start":{"line":61,"column":4},"end":{"line":95,"column":5}},"9":{"start":{"line":62,"column":23},"end":{"line":68,"column":8}},"10":{"start":{"line":70,"column":6},"end":{"line":74,"column":9}},"11":{"start":{"line":76,"column":6},"end":{"line":80,"column":8}},"12":{"start":{"line":82,"column":20},"end":{"line":82,"column":68}},"13":{"start":{"line":84,"column":6},"end":{"line":88,"column":9}},"14":{"start":{"line":90,"column":6},"end":{"line":94,"column":8}},"15":{"start":{"line":106,"column":18},"end":{"line":106,"column":46}},"16":{"start":{"line":107,"column":22},"end":{"line":107,"column":45}},"17":{"start":{"line":108,"column":22},"end":{"line":108,"column":32}},"18":{"start":{"line":110,"column":4},"end":{"line":114,"column":7}},"19":{"start":{"line":116,"column":4},"end":{"line":150,"column":5}},"20":{"start":{"line":117,"column":24},"end":{"line":125,"column":null}},"21":{"start":{"line":128,"column":28},"end":{"line":128,"column":30}},"22":{"start":{"line":130,"column":6},"end":{"line":133,"column":7}},"23":{"start":{"line":131,"column":8},"end":{"line":131,"column":44}},"24":{"start":{"line":132,"column":8},"end":{"line":132,"column":91}},"25":{"start":{"line":135,"column":6},"end":{"line":139,"column":9}},"26":{"start":{"line":142,"column":6},"end":{"line":144,"column":7}},"27":{"start":{"line":143,"column":8},"end":{"line":143,"column":72}},"28":{"start":{"line":146,"column":20},"end":{"line":146,"column":68}},"29":{"start":{"line":148,"column":6},"end":{"line":148,"column":82}},"30":{"start":{"line":149,"column":6},"end":{"line":149,"column":16}},"31":{"start":{"line":155,"column":4},"end":{"line":155,"column":27}},"32":{"start":{"line":160,"column":4},"end":{"line":160,"column":44}},"33":{"start":{"line":166,"column":18},"end":{"line":166,"column":50}},"34":{"start":{"line":167,"column":4},"end":{"line":169,"column":5}},"35":{"start":{"line":168,"column":6},"end":{"line":168,"column":73}},"36":{"start":{"line":170,"column":4},"end":{"line":170,"column":17}},"37":{"start":{"line":179,"column":2},"end":{"line":181,"column":3}},"38":{"start":{"line":180,"column":4},"end":{"line":180,"column":19}},"39":{"start":{"line":183,"column":18},"end":{"line":183,"column":32}},"40":{"start":{"line":186,"column":25},"end":{"line":186,"column":81}},"41":{"start":{"line":187,"column":18},"end":{"line":187,"column":55}},"42":{"start":{"line":188,"column":2},"end":{"line":193,"column":3}},"43":{"start":{"line":189,"column":4},"end":{"line":191,"column":5}},"44":{"start":{"line":190,"column":6},"end":{"line":190,"column":27}},"45":{"start":{"line":192,"column":4},"end":{"line":192,"column":19}},"46":{"start":{"line":196,"column":20},"end":{"line":196,"column":33}},"47":{"start":{"line":197,"column":20},"end":{"line":197,"column":44}},"48":{"start":{"line":198,"column":2},"end":{"line":205,"column":3}},"49":{"start":{"line":199,"column":4},"end":{"line":204,"column":5}},"50":{"start":{"line":200,"column":6},"end":{"line":200,"column":31}},"51":{"start":{"line":201,"column":6},"end":{"line":201,"column":26}},"52":{"start":{"line":208,"column":22},"end":{"line":208,"column":94}},"53":{"start":{"line":209,"column":19},"end":{"line":209,"column":45}},"54":{"start":{"line":210,"column":2},"end":{"line":212,"column":3}},"55":{"start":{"line":211,"column":4},"end":{"line":211,"column":23}},"56":{"start":{"line":214,"column":2},"end":{"line":214,"column":17}}},"fnMap":{"0":{"name":"(anonymous_0)","decl":{"start":{"line":37,"column":2},"end":{"line":37,"column":31}},"loc":{"start":{"line":37,"column":55},"end":{"line":37,"column":59}}},"1":{"name":"(anonymous_1)","decl":{"start":{"line":43,"column":2},"end":{"line":43,"column":7}},"loc":{"start":{"line":43,"column":57},"end":{"line":96,"column":3}}},"2":{"name":"(anonymous_2)","decl":{"start":{"line":102,"column":2},"end":{"line":102,"column":7}},"loc":{"start":{"line":104,"column":53},"end":{"line":151,"column":3}}},"3":{"name":"(anonymous_3)","decl":{"start":{"line":154,"column":2},"end":{"line":154,"column":12}},"loc":{"start":{"line":154,"column":12},"end":{"line":156,"column":3}}},"4":{"name":"(anonymous_4)","decl":{"start":{"line":159,"column":2},"end":{"line":159,"column":11}},"loc":{"start":{"line":159,"column":30},"end":{"line":161,"column":3}}},"5":{"name":"(anonymous_5)","decl":{"start":{"line":165,"column":10},"end":{"line":165,"column":22}},"loc":{"start":{"line":165,"column":41},"end":{"line":171,"column":3}}},"6":{"name":"cleanAgentOutput","decl":{"start":{"line":178,"column":16},"end":{"line":178,"column":32}},"loc":{"start":{"line":178,"column":68},"end":{"line":215,"column":1}}}},"branchMap":{"0":{"loc":{"start":{"line":43,"column":33},"end":{"line":43,"column":57}},"type":"default-arg","locations":[{"start":{"line":43,"column":55},"end":{"line":43,"column":57}}]},"1":{"loc":{"start":{"line":44,"column":22},"end":{"line":44,"column":45}},"type":"binary-expr","locations":[{"start":{"line":44,"column":22},"end":{"line":44,"column":39}},{"start":{"line":44,"column":43},"end":{"line":44,"column":45}}]},"2":{"loc":{"start":{"line":51,"column":20},"end":{"line":51,"column":68}},"type":"cond-expr","locations":[{"start":{"line":51,"column":43},"end":{"line":51,"column":54}},{"start":{"line":51,"column":57},"end":{"line":51,"column":68}}]},"3":{"loc":{"start":{"line":67,"column":12},"end":{"line":67,"column":91}},"type":"binary-expr","locations":[{"start":{"line":67,"column":12},"end":{"line":67,"column":47}},{"start":{"line":67,"column":51},"end":{"line":67,"column":91}}]},"4":{"loc":{"start":{"line":82,"column":20},"end":{"line":82,"column":68}},"type":"cond-expr","locations":[{"start":{"line":82,"column":43},"end":{"line":82,"column":54}},{"start":{"line":82,"column":57},"end":{"line":82,"column":68}}]},"5":{"loc":{"start":{"line":104,"column":4},"end":{"line":104,"column":53}},"type":"default-arg","locations":[{"start":{"line":104,"column":51},"end":{"line":104,"column":53}}]},"6":{"loc":{"start":{"line":107,"column":22},"end":{"line":107,"column":45}},"type":"binary-expr","locations":[{"start":{"line":107,"column":22},"end":{"line":107,"column":39}},{"start":{"line":107,"column":43},"end":{"line":107,"column":45}}]},"7":{"loc":{"start":{"line":123,"column":14},"end":{"line":123,"column":93}},"type":"binary-expr","locations":[{"start":{"line":123,"column":14},"end":{"line":123,"column":49}},{"start":{"line":123,"column":53},"end":{"line":123,"column":93}}]},"8":{"loc":{"start":{"line":142,"column":6},"end":{"line":144,"column":7}},"type":"if","locations":[{"start":{"line":142,"column":6},"end":{"line":144,"column":7}}]},"9":{"loc":{"start":{"line":146,"column":20},"end":{"line":146,"column":68}},"type":"cond-expr","locations":[{"start":{"line":146,"column":43},"end":{"line":146,"column":54}},{"start":{"line":146,"column":57},"end":{"line":146,"column":68}}]},"10":{"loc":{"start":{"line":167,"column":4},"end":{"line":169,"column":5}},"type":"if","locations":[{"start":{"line":167,"column":4},"end":{"line":169,"column":5}}]},"11":{"loc":{"start":{"line":179,"column":2},"end":{"line":181,"column":3}},"type":"if","locations":[{"start":{"line":179,"column":2},"end":{"line":181,"column":3}}]},"12":{"loc":{"start":{"line":179,"column":6},"end":{"line":179,"column":76}},"type":"binary-expr","locations":[{"start":{"line":179,"column":6},"end":{"line":179,"column":25}},{"start":{"line":179,"column":29},"end":{"line":179,"column":50}},{"start":{"line":179,"column":54},"end":{"line":179,"column":76}}]},"13":{"loc":{"start":{"line":188,"column":2},"end":{"line":193,"column":3}},"type":"if","locations":[{"start":{"line":188,"column":2},"end":{"line":193,"column":3}}]},"14":{"loc":{"start":{"line":189,"column":4},"end":{"line":191,"column":5}},"type":"if","locations":[{"start":{"line":189,"column":4},"end":{"line":191,"column":5}}]},"15":{"loc":{"start":{"line":198,"column":2},"end":{"line":205,"column":3}},"type":"if","locations":[{"start":{"line":198,"column":2},"end":{"line":205,"column":3}}]},"16":{"loc":{"start":{"line":210,"column":2},"end":{"line":212,"column":3}},"type":"if","locations":[{"start":{"line":210,"column":2},"end":{"line":212,"column":3}}]}},"s":{"0":26,"1":18,"2":18,"3":18,"4":18,"5":1,"6":1,"7":17,"8":17,"9":17,"10":16,"11":16,"12":1,"13":1,"14":1,"15":3,"16":3,"17":3,"18":3,"19":3,"20":3,"21":3,"22":3,"23":4,"24":4,"25":2,"26":2,"27":2,"28":1,"29":1,"30":1,"31":2,"32":5,"33":21,"34":21,"35":1,"36":20,"37":16,"38":4,"39":12,"40":12,"41":12,"42":12,"43":0,"44":0,"45":0,"46":12,"47":12,"48":12,"49":1,"50":1,"51":1,"52":11,"53":11,"54":11,"55":1,"56":10},"f":{"0":26,"1":18,"2":3,"3":2,"4":5,"5":21,"6":16},"b":{"0":[17],"1":[18,17],"2":[1,0],"3":[17,0],"4":[1,0],"5":[3],"6":[3,3],"7":[3,0],"8":[2],"9":[1,0],"10":[1],"11":[4],"12":[16,16,14],"13":[0],"14":[0],"15":[1],"16":[1]}}
,"/Users/praveenveera/Documents/work-offline/project-vyom/packages/engine/src/agent-runner/built-in-agents.ts": {"path":"/Users/praveenveera/Documents/work-offline/project-vyom/packages/engine/src/agent-runner/built-in-agents.ts","statementMap":{"0":{"start":{"line":22,"column":2},"end":{"line":22,"column":31}},"1":{"start":{"line":22,"column":21},"end":{"line":22,"column":31}},"2":{"start":{"line":23,"column":26},"end":{"line":23,"column":28}},"3":{"start":{"line":24,"column":2},"end":{"line":24,"column":83}},"4":{"start":{"line":24,"column":32},"end":{"line":24,"column":83}},"5":{"start":{"line":25,"column":2},"end":{"line":27,"column":3}},"6":{"start":{"line":26,"column":4},"end":{"line":26,"column":80}},"7":{"start":{"line":26,"column":54},"end":{"line":26,"column":64}},"8":{"start":{"line":28,"column":2},"end":{"line":28,"column":65}},"9":{"start":{"line":31,"column":50},"end":{"line":144,"column":2}},"10":{"start":{"line":38,"column":29},"end":{"line":41,"column":null}},"11":{"start":{"line":42,"column":31},"end":{"line":42,"column":68}},"12":{"start":{"line":51,"column":29},"end":{"line":68,"column":null}},"13":{"start":{"line":69,"column":31},"end":{"line":69,"column":68}},"14":{"start":{"line":78,"column":29},"end":{"line":87,"column":null}},"15":{"start":{"line":88,"column":31},"end":{"line":88,"column":68}},"16":{"start":{"line":97,"column":29},"end":{"line":105,"column":null}},"17":{"start":{"line":106,"column":31},"end":{"line":106,"column":68}},"18":{"start":{"line":115,"column":29},"end":{"line":124,"column":null}},"19":{"start":{"line":125,"column":31},"end":{"line":125,"column":68}},"20":{"start":{"line":134,"column":29},"end":{"line":141,"column":null}},"21":{"start":{"line":142,"column":31},"end":{"line":142,"column":68}},"22":{"start":{"line":146,"column":34},"end":{"line":147,"column":null}},"23":{"start":{"line":147,"column":35},"end":{"line":147,"column":71}},"24":{"start":{"line":147,"column":60},"end":{"line":147,"column":70}}},"fnMap":{"0":{"name":"contextBlock","decl":{"start":{"line":21,"column":9},"end":{"line":21,"column":21}},"loc":{"start":{"line":21,"column":37},"end":{"line":29,"column":1}}},"1":{"name":"(anonymous_1)","decl":{"start":{"line":26,"column":49},"end":{"line":26,"column":50}},"loc":{"start":{"line":26,"column":54},"end":{"line":26,"column":64}}},"2":{"name":"(anonymous_2)","decl":{"start":{"line":38,"column":23},"end":{"line":38,"column":26}},"loc":{"start":{"line":38,"column":29},"end":{"line":41,"column":null}}},"3":{"name":"(anonymous_3)","decl":{"start":{"line":42,"column":21},"end":{"line":42,"column":22}},"loc":{"start":{"line":42,"column":31},"end":{"line":42,"column":68}}},"4":{"name":"(anonymous_4)","decl":{"start":{"line":51,"column":23},"end":{"line":51,"column":26}},"loc":{"start":{"line":51,"column":29},"end":{"line":68,"column":null}}},"5":{"name":"(anonymous_5)","decl":{"start":{"line":69,"column":21},"end":{"line":69,"column":22}},"loc":{"start":{"line":69,"column":31},"end":{"line":69,"column":68}}},"6":{"name":"(anonymous_6)","decl":{"start":{"line":78,"column":23},"end":{"line":78,"column":26}},"loc":{"start":{"line":78,"column":29},"end":{"line":87,"column":null}}},"7":{"name":"(anonymous_7)","decl":{"start":{"line":88,"column":21},"end":{"line":88,"column":22}},"loc":{"start":{"line":88,"column":31},"end":{"line":88,"column":68}}},"8":{"name":"(anonymous_8)","decl":{"start":{"line":97,"column":23},"end":{"line":97,"column":26}},"loc":{"start":{"line":97,"column":29},"end":{"line":105,"column":null}}},"9":{"name":"(anonymous_9)","decl":{"start":{"line":106,"column":21},"end":{"line":106,"column":22}},"loc":{"start":{"line":106,"column":31},"end":{"line":106,"column":68}}},"10":{"name":"(anonymous_10)","decl":{"start":{"line":115,"column":23},"end":{"line":115,"column":26}},"loc":{"start":{"line":115,"column":29},"end":{"line":124,"column":null}}},"11":{"name":"(anonymous_11)","decl":{"start":{"line":125,"column":21},"end":{"line":125,"column":22}},"loc":{"start":{"line":125,"column":31},"end":{"line":125,"column":68}}},"12":{"name":"(anonymous_12)","decl":{"start":{"line":134,"column":23},"end":{"line":134,"column":26}},"loc":{"start":{"line":134,"column":29},"end":{"line":141,"column":null}}},"13":{"name":"(anonymous_13)","decl":{"start":{"line":142,"column":21},"end":{"line":142,"column":22}},"loc":{"start":{"line":142,"column":31},"end":{"line":142,"column":68}}},"14":{"name":"(anonymous_14)","decl":{"start":{"line":147,"column":26},"end":{"line":147,"column":31}},"loc":{"start":{"line":147,"column":35},"end":{"line":147,"column":71}}},"15":{"name":"(anonymous_15)","decl":{"start":{"line":147,"column":55},"end":{"line":147,"column":56}},"loc":{"start":{"line":147,"column":60},"end":{"line":147,"column":70}}}},"branchMap":{"0":{"loc":{"start":{"line":22,"column":2},"end":{"line":22,"column":31}},"type":"if","locations":[{"start":{"line":22,"column":2},"end":{"line":22,"column":31}}]},"1":{"loc":{"start":{"line":24,"column":2},"end":{"line":24,"column":83}},"type":"if","locations":[{"start":{"line":24,"column":2},"end":{"line":24,"column":83}}]},"2":{"loc":{"start":{"line":25,"column":2},"end":{"line":27,"column":3}},"type":"if","locations":[{"start":{"line":25,"column":2},"end":{"line":27,"column":3}}]},"3":{"loc":{"start":{"line":28,"column":9},"end":{"line":28,"column":64}},"type":"cond-expr","locations":[{"start":{"line":28,"column":24},"end":{"line":28,"column":59}},{"start":{"line":28,"column":62},"end":{"line":28,"column":64}}]}},"s":{"0":20,"1":19,"2":1,"3":1,"4":1,"5":1,"6":1,"7":1,"8":1,"9":1,"10":0,"11":0,"12":13,"13":13,"14":2,"15":2,"16":2,"17":2,"18":1,"19":1,"20":2,"21":2,"22":1,"23":6,"24":6},"f":{"0":20,"1":1,"2":0,"3":0,"4":13,"5":13,"6":2,"7":2,"8":2,"9":2,"10":1,"11":1,"12":2,"13":2,"14":6,"15":6},"b":{"0":[19],"1":[1],"2":[1],"3":[1,0]}}
,"/Users/praveenveera/Documents/work-offline/project-vyom/packages/engine/src/cost-engine/cost-engine.ts": {"path":"/Users/praveenveera/Documents/work-offline/project-vyom/packages/engine/src/cost-engine/cost-engine.ts","statementMap":{"0":{"start":{"line":73,"column":2},"end":{"line":86,"column":4}},"1":{"start":{"line":94,"column":31},"end":{"line":94,"column":52}},"2":{"start":{"line":101,"column":4},"end":{"line":113,"column":7}},"3":{"start":{"line":102,"column":6},"end":{"line":112,"column":9}},"4":{"start":{"line":120,"column":4},"end":{"line":123,"column":5}},"5":{"start":{"line":121,"column":6},"end":{"line":121,"column":38}},"6":{"start":{"line":122,"column":6},"end":{"line":122,"column":36}},"7":{"start":{"line":127,"column":15},"end":{"line":127,"column":27}},"8":{"start":{"line":128,"column":16},"end":{"line":128,"column":40}},"9":{"start":{"line":129,"column":24},"end":{"line":129,"column":66}},"10":{"start":{"line":131,"column":4},"end":{"line":151,"column":6}},"11":{"start":{"line":153,"column":16},"end":{"line":155,"column":31}},"12":{"start":{"line":157,"column":18},"end":{"line":157,"column":38}},"13":{"start":{"line":159,"column":4},"end":{"line":163,"column":7}},"14":{"start":{"line":165,"column":4},"end":{"line":165,"column":17}},"15":{"start":{"line":169,"column":17},"end":{"line":171,"column":40}},"16":{"start":{"line":173,"column":4},"end":{"line":173,"column":52}},"17":{"start":{"line":177,"column":17},"end":{"line":179,"column":40}},"18":{"start":{"line":181,"column":4},"end":{"line":181,"column":52}},"19":{"start":{"line":185,"column":17},"end":{"line":189,"column":42}},"20":{"start":{"line":191,"column":4},"end":{"line":191,"column":56}},"21":{"start":{"line":196,"column":25},"end":{"line":196,"column":26}},"22":{"start":{"line":197,"column":26},"end":{"line":197,"column":27}},"23":{"start":{"line":198,"column":21},"end":{"line":198,"column":22}},"24":{"start":{"line":199,"column":20},"end":{"line":199,"column":21}},"25":{"start":{"line":200,"column":20},"end":{"line":200,"column":21}},"26":{"start":{"line":201,"column":52},"end":{"line":201,"column":54}},"27":{"start":{"line":202,"column":49},"end":{"line":202,"column":51}},"28":{"start":{"line":204,"column":2},"end":{"line":224,"column":3}},"29":{"start":{"line":205,"column":18},"end":{"line":205,"column":34}},"30":{"start":{"line":206,"column":4},"end":{"line":206,"column":41}},"31":{"start":{"line":207,"column":4},"end":{"line":207,"column":43}},"32":{"start":{"line":208,"column":4},"end":{"line":208,"column":33}},"33":{"start":{"line":210,"column":4},"end":{"line":214,"column":5}},"34":{"start":{"line":211,"column":6},"end":{"line":211,"column":27}},"35":{"start":{"line":213,"column":6},"end":{"line":213,"column":27}},"36":{"start":{"line":216,"column":4},"end":{"line":216,"column":59}},"37":{"start":{"line":217,"column":4},"end":{"line":217,"column":45}},"38":{"start":{"line":218,"column":4},"end":{"line":218,"column":53}},"39":{"start":{"line":220,"column":21},"end":{"line":220,"column":51}},"40":{"start":{"line":221,"column":4},"end":{"line":221,"column":52}},"41":{"start":{"line":222,"column":4},"end":{"line":222,"column":38}},"42":{"start":{"line":223,"column":4},"end":{"line":223,"column":46}},"43":{"start":{"line":226,"column":2},"end":{"line":237,"column":4}}},"fnMap":{"0":{"name":"rowToTokenUsage","decl":{"start":{"line":72,"column":9},"end":{"line":72,"column":24}},"loc":{"start":{"line":72,"column":43},"end":{"line":87,"column":1}}},"1":{"name":"(anonymous_1)","decl":{"start":{"line":94,"column":2},"end":{"line":94,"column":31}},"loc":{"start":{"line":94,"column":52},"end":{"line":94,"column":56}}},"2":{"name":"(anonymous_2)","decl":{"start":{"line":100,"column":2},"end":{"line":100,"column":8}},"loc":{"start":{"line":100,"column":8},"end":{"line":114,"column":3}}},"3":{"name":"(anonymous_3)","decl":{"start":{"line":101,"column":57},"end":{"line":101,"column":58}},"loc":{"start":{"line":101,"column":69},"end":{"line":113,"column":5}}},"4":{"name":"(anonymous_4)","decl":{"start":{"line":119,"column":2},"end":{"line":119,"column":8}},"loc":{"start":{"line":119,"column":8},"end":{"line":124,"column":3}}},"5":{"name":"(anonymous_5)","decl":{"start":{"line":126,"column":2},"end":{"line":126,"column":13}},"loc":{"start":{"line":126,"column":75},"end":{"line":166,"column":3}}},"6":{"name":"(anonymous_6)","decl":{"start":{"line":168,"column":2},"end":{"line":168,"column":19}},"loc":{"start":{"line":168,"column":37},"end":{"line":174,"column":3}}},"7":{"name":"(anonymous_7)","decl":{"start":{"line":176,"column":2},"end":{"line":176,"column":19}},"loc":{"start":{"line":176,"column":37},"end":{"line":182,"column":3}}},"8":{"name":"(anonymous_8)","decl":{"start":{"line":184,"column":2},"end":{"line":184,"column":21}},"loc":{"start":{"line":184,"column":41},"end":{"line":192,"column":3}}},"9":{"name":"buildSummary","decl":{"start":{"line":195,"column":9},"end":{"line":195,"column":21}},"loc":{"start":{"line":195,"column":79},"end":{"line":238,"column":1}}}},"branchMap":{"0":{"loc":{"start":{"line":120,"column":4},"end":{"line":123,"column":5}},"type":"if","locations":[{"start":{"line":120,"column":4},"end":{"line":123,"column":5}}]},"1":{"loc":{"start":{"line":149,"column":6},"end":{"line":149,"column":29}},"type":"cond-expr","locations":[{"start":{"line":149,"column":24},"end":{"line":149,"column":25}},{"start":{"line":149,"column":28},"end":{"line":149,"column":29}}]},"2":{"loc":{"start":{"line":210,"column":4},"end":{"line":214,"column":5}},"type":"if","locations":[{"start":{"line":210,"column":4},"end":{"line":214,"column":5}},{"start":{"line":212,"column":11},"end":{"line":214,"column":5}}]}},"s":{"0":13,"1":12,"2":1,"3":1,"4":12,"5":1,"6":1,"7":13,"8":13,"9":13,"10":13,"11":13,"12":13,"13":13,"14":13,"15":6,"16":6,"17":1,"18":1,"19":1,"20":1,"21":8,"22":8,"23":8,"24":8,"25":8,"26":8,"27":8,"28":8,"29":9,"30":9,"31":9,"32":9,"33":9,"34":1,"35":8,"36":9,"37":9,"38":9,"39":9,"40":9,"41":9,"42":9,"43":8},"f":{"0":13,"1":12,"2":1,"3":1,"4":12,"5":13,"6":6,"7":1,"8":1,"9":8},"b":{"0":[1],"1":[2,11],"2":[1,8]}}
,"/Users/praveenveera/Documents/work-offline/project-vyom/packages/engine/src/event-bus/event-bus.ts": {"path":"/Users/praveenveera/Documents/work-offline/project-vyom/packages/engine/src/event-bus/event-bus.ts","statementMap":{"0":{"start":{"line":116,"column":30},"end":{"line":116,"column":88}},"1":{"start":{"line":117,"column":34},"end":{"line":117,"column":92}},"2":{"start":{"line":125,"column":21},"end":{"line":125,"column":45}},"3":{"start":{"line":126,"column":4},"end":{"line":134,"column":5}},"4":{"start":{"line":127,"column":6},"end":{"line":133,"column":7}},"5":{"start":{"line":128,"column":8},"end":{"line":132,"column":9}},"6":{"start":{"line":129,"column":10},"end":{"line":129,"column":76}},"7":{"start":{"line":131,"column":10},"end":{"line":131,"column":76}},"8":{"start":{"line":136,"column":25},"end":{"line":136,"column":53}},"9":{"start":{"line":137,"column":4},"end":{"line":146,"column":5}},"10":{"start":{"line":138,"column":6},"end":{"line":144,"column":7}},"11":{"start":{"line":139,"column":8},"end":{"line":143,"column":9}},"12":{"start":{"line":140,"column":10},"end":{"line":140,"column":76}},"13":{"start":{"line":142,"column":10},"end":{"line":142,"column":81}},"14":{"start":{"line":145,"column":6},"end":{"line":145,"column":38}},"15":{"start":{"line":154,"column":38},"end":{"line":154,"column":40}},"16":{"start":{"line":156,"column":21},"end":{"line":156,"column":45}},"17":{"start":{"line":157,"column":4},"end":{"line":162,"column":5}},"18":{"start":{"line":158,"column":6},"end":{"line":161,"column":7}},"19":{"start":{"line":159,"column":23},"end":{"line":159,"column":88}},"20":{"start":{"line":160,"column":8},"end":{"line":160,"column":61}},"21":{"start":{"line":160,"column":39},"end":{"line":160,"column":61}},"22":{"start":{"line":164,"column":25},"end":{"line":164,"column":53}},"23":{"start":{"line":165,"column":4},"end":{"line":171,"column":5}},"24":{"start":{"line":166,"column":6},"end":{"line":169,"column":7}},"25":{"start":{"line":167,"column":23},"end":{"line":167,"column":88}},"26":{"start":{"line":168,"column":8},"end":{"line":168,"column":61}},"27":{"start":{"line":168,"column":39},"end":{"line":168,"column":61}},"28":{"start":{"line":170,"column":6},"end":{"line":170,"column":38}},"29":{"start":{"line":173,"column":4},"end":{"line":173,"column":32}},"30":{"start":{"line":180,"column":4},"end":{"line":182,"column":5}},"31":{"start":{"line":181,"column":6},"end":{"line":181,"column":42}},"32":{"start":{"line":183,"column":4},"end":{"line":183,"column":81}},"33":{"start":{"line":185,"column":4},"end":{"line":189,"column":6}},"34":{"start":{"line":187,"column":8},"end":{"line":187,"column":88}},"35":{"start":{"line":197,"column":4},"end":{"line":199,"column":5}},"36":{"start":{"line":198,"column":6},"end":{"line":198,"column":46}},"37":{"start":{"line":200,"column":4},"end":{"line":200,"column":85}},"38":{"start":{"line":202,"column":4},"end":{"line":206,"column":6}},"39":{"start":{"line":204,"column":8},"end":{"line":204,"column":92}},"40":{"start":{"line":214,"column":4},"end":{"line":220,"column":5}},"41":{"start":{"line":215,"column":6},"end":{"line":215,"column":34}},"42":{"start":{"line":216,"column":6},"end":{"line":216,"column":38}},"43":{"start":{"line":218,"column":6},"end":{"line":218,"column":28}},"44":{"start":{"line":219,"column":6},"end":{"line":219,"column":32}},"45":{"start":{"line":228,"column":4},"end":{"line":228,"column":93}},"46":{"start":{"line":233,"column":24},"end":{"line":233,"column":38}}},"fnMap":{"0":{"name":"(anonymous_0)","decl":{"start":{"line":124,"column":2},"end":{"line":124,"column":6}},"loc":{"start":{"line":124,"column":84},"end":{"line":147,"column":3}}},"1":{"name":"(anonymous_1)","decl":{"start":{"line":153,"column":2},"end":{"line":153,"column":7}},"loc":{"start":{"line":153,"column":95},"end":{"line":174,"column":3}}},"2":{"name":"(anonymous_2)","decl":{"start":{"line":179,"column":2},"end":{"line":179,"column":4}},"loc":{"start":{"line":179,"column":71},"end":{"line":190,"column":3}}},"3":{"name":"(anonymous_3)","decl":{"start":{"line":186,"column":19},"end":{"line":186,"column":22}},"loc":{"start":{"line":186,"column":24},"end":{"line":188,"column":7}}},"4":{"name":"(anonymous_4)","decl":{"start":{"line":196,"column":2},"end":{"line":196,"column":6}},"loc":{"start":{"line":196,"column":73},"end":{"line":207,"column":3}}},"5":{"name":"(anonymous_5)","decl":{"start":{"line":203,"column":19},"end":{"line":203,"column":22}},"loc":{"start":{"line":203,"column":24},"end":{"line":205,"column":7}}},"6":{"name":"(anonymous_6)","decl":{"start":{"line":213,"column":2},"end":{"line":213,"column":20}},"loc":{"start":{"line":213,"column":49},"end":{"line":221,"column":3}}},"7":{"name":"(anonymous_7)","decl":{"start":{"line":227,"column":2},"end":{"line":227,"column":15}},"loc":{"start":{"line":227,"column":43},"end":{"line":229,"column":3}}}},"branchMap":{"0":{"loc":{"start":{"line":126,"column":4},"end":{"line":134,"column":5}},"type":"if","locations":[{"start":{"line":126,"column":4},"end":{"line":134,"column":5}}]},"1":{"loc":{"start":{"line":137,"column":4},"end":{"line":146,"column":5}},"type":"if","locations":[{"start":{"line":137,"column":4},"end":{"line":146,"column":5}}]},"2":{"loc":{"start":{"line":157,"column":4},"end":{"line":162,"column":5}},"type":"if","locations":[{"start":{"line":157,"column":4},"end":{"line":162,"column":5}}]},"3":{"loc":{"start":{"line":160,"column":8},"end":{"line":160,"column":61}},"type":"if","locations":[{"start":{"line":160,"column":8},"end":{"line":160,"column":61}}]},"4":{"loc":{"start":{"line":165,"column":4},"end":{"line":171,"column":5}},"type":"if","locations":[{"start":{"line":165,"column":4},"end":{"line":171,"column":5}}]},"5":{"loc":{"start":{"line":168,"column":8},"end":{"line":168,"column":61}},"type":"if","locations":[{"start":{"line":168,"column":8},"end":{"line":168,"column":61}}]},"6":{"loc":{"start":{"line":180,"column":4},"end":{"line":182,"column":5}},"type":"if","locations":[{"start":{"line":180,"column":4},"end":{"line":182,"column":5}}]},"7":{"loc":{"start":{"line":197,"column":4},"end":{"line":199,"column":5}},"type":"if","locations":[{"start":{"line":197,"column":4},"end":{"line":199,"column":5}}]},"8":{"loc":{"start":{"line":214,"column":4},"end":{"line":220,"column":5}},"type":"if","locations":[{"start":{"line":214,"column":4},"end":{"line":220,"column":5}},{"start":{"line":217,"column":11},"end":{"line":220,"column":5}}]},"9":{"loc":{"start":{"line":228,"column":12},"end":{"line":228,"column":47}},"type":"binary-expr","locations":[{"start":{"line":228,"column":12},"end":{"line":228,"column":42}},{"start":{"line":228,"column":46},"end":{"line":228,"column":47}}]},"10":{"loc":{"start":{"line":228,"column":52},"end":{"line":228,"column":91}},"type":"binary-expr","locations":[{"start":{"line":228,"column":52},"end":{"line":228,"column":86}},{"start":{"line":228,"column":90},"end":{"line":228,"column":91}}]}},"s":{"0":6,"1":6,"2":191,"3":191,"4":28,"5":28,"6":28,"7":0,"8":191,"9":191,"10":0,"11":0,"12":0,"13":0,"14":0,"15":0,"16":0,"17":0,"18":0,"19":0,"20":0,"21":0,"22":0,"23":0,"24":0,"25":0,"26":0,"27":0,"28":0,"29":0,"30":31,"31":31,"32":31,"33":31,"34":1,"35":0,"36":0,"37":0,"38":0,"39":0,"40":129,"41":0,"42":0,"43":129,"44":129,"45":0,"46":6},"f":{"0":191,"1":0,"2":31,"3":1,"4":0,"5":0,"6":129,"7":0},"b":{"0":[28],"1":[0],"2":[0],"3":[0],"4":[0],"5":[0],"6":[31],"7":[0],"8":[0,129],"9":[0,0],"10":[0,0]}}
,"/Users/praveenveera/Documents/work-offline/project-vyom/packages/engine/src/file-system/file-system.ts": {"path":"/Users/praveenveera/Documents/work-offline/project-vyom/packages/engine/src/file-system/file-system.ts","statementMap":{"0":{"start":{"line":47,"column":21},"end":{"line":47,"column":109}},"1":{"start":{"line":52,"column":21},"end":{"line":52,"column":49}},"2":{"start":{"line":54,"column":31},"end":{"line":54,"column":52}},"3":{"start":{"line":59,"column":17},"end":{"line":59,"column":51}},"4":{"start":{"line":60,"column":4},"end":{"line":60,"column":56}},"5":{"start":{"line":64,"column":17},"end":{"line":64,"column":51}},"6":{"start":{"line":65,"column":4},"end":{"line":65,"column":48}},"7":{"start":{"line":71,"column":17},"end":{"line":71,"column":51}},"8":{"start":{"line":72,"column":17},"end":{"line":72,"column":41}},"9":{"start":{"line":74,"column":4},"end":{"line":74,"column":52}},"10":{"start":{"line":76,"column":16},"end":{"line":76,"column":21}},"11":{"start":{"line":77,"column":4},"end":{"line":81,"column":5}},"12":{"start":{"line":78,"column":6},"end":{"line":78,"column":23}},"13":{"start":{"line":80,"column":6},"end":{"line":80,"column":19}},"14":{"start":{"line":83,"column":4},"end":{"line":83,"column":45}},"15":{"start":{"line":85,"column":4},"end":{"line":88,"column":7}},"16":{"start":{"line":92,"column":17},"end":{"line":92,"column":51}},"17":{"start":{"line":93,"column":17},"end":{"line":93,"column":41}},"18":{"start":{"line":95,"column":4},"end":{"line":95,"column":52}},"19":{"start":{"line":97,"column":16},"end":{"line":97,"column":21}},"20":{"start":{"line":98,"column":4},"end":{"line":102,"column":5}},"21":{"start":{"line":99,"column":6},"end":{"line":99,"column":23}},"22":{"start":{"line":101,"column":6},"end":{"line":101,"column":19}},"23":{"start":{"line":104,"column":4},"end":{"line":104,"column":34}},"24":{"start":{"line":106,"column":4},"end":{"line":109,"column":7}},"25":{"start":{"line":115,"column":17},"end":{"line":115,"column":51}},"26":{"start":{"line":116,"column":4},"end":{"line":116,"column":43}},"27":{"start":{"line":117,"column":4},"end":{"line":117,"column":79}},"28":{"start":{"line":121,"column":17},"end":{"line":121,"column":51}},"29":{"start":{"line":122,"column":17},"end":{"line":122,"column":35}},"30":{"start":{"line":123,"column":4},"end":{"line":123,"column":52}},"31":{"start":{"line":124,"column":4},"end":{"line":124,"column":45}},"32":{"start":{"line":125,"column":4},"end":{"line":125,"column":76}},"33":{"start":{"line":126,"column":4},"end":{"line":126,"column":74}},"34":{"start":{"line":130,"column":17},"end":{"line":130,"column":51}},"35":{"start":{"line":131,"column":17},"end":{"line":131,"column":35}},"36":{"start":{"line":132,"column":4},"end":{"line":132,"column":52}},"37":{"start":{"line":133,"column":4},"end":{"line":133,"column":47}},"38":{"start":{"line":134,"column":4},"end":{"line":134,"column":73}},"39":{"start":{"line":140,"column":17},"end":{"line":140,"column":51}},"40":{"start":{"line":141,"column":4},"end":{"line":141,"column":63}},"41":{"start":{"line":145,"column":17},"end":{"line":145,"column":51}},"42":{"start":{"line":146,"column":19},"end":{"line":146,"column":71}},"43":{"start":{"line":147,"column":18},"end":{"line":147,"column":64}},"44":{"start":{"line":149,"column":4},"end":{"line":161,"column":6}},"45":{"start":{"line":151,"column":18},"end":{"line":151,"column":53}},"46":{"start":{"line":152,"column":20},"end":{"line":152,"column":85}},"47":{"start":{"line":153,"column":8},"end":{"line":159,"column":10}},"48":{"start":{"line":169,"column":17},"end":{"line":169,"column":51}},"49":{"start":{"line":170,"column":33},"end":{"line":170,"column":35}},"50":{"start":{"line":171,"column":4},"end":{"line":171,"column":52}},"51":{"start":{"line":172,"column":4},"end":{"line":172,"column":19}},"52":{"start":{"line":176,"column":17},"end":{"line":176,"column":51}},"53":{"start":{"line":177,"column":4},"end":{"line":182,"column":5}},"54":{"start":{"line":178,"column":6},"end":{"line":178,"column":43}},"55":{"start":{"line":179,"column":6},"end":{"line":179,"column":18}},"56":{"start":{"line":181,"column":6},"end":{"line":181,"column":19}},"57":{"start":{"line":196,"column":4},"end":{"line":196,"column":45}},"58":{"start":{"line":196,"column":38},"end":{"line":196,"column":45}},"59":{"start":{"line":198,"column":20},"end":{"line":209,"column":null}},"60":{"start":{"line":202,"column":8},"end":{"line":202,"column":30}},"61":{"start":{"line":202,"column":23},"end":{"line":202,"column":30}},"62":{"start":{"line":203,"column":20},"end":{"line":203,"column":38}},"63":{"start":{"line":204,"column":21},"end":{"line":204,"column":43}},"64":{"start":{"line":206,"column":8},"end":{"line":208,"column":85}},"65":{"start":{"line":207,"column":24},"end":{"line":207,"column":81}},"66":{"start":{"line":208,"column":25},"end":{"line":208,"column":81}},"67":{"start":{"line":212,"column":4},"end":{"line":212,"column":75}},"68":{"start":{"line":213,"column":4},"end":{"line":213,"column":42}},"69":{"start":{"line":217,"column":20},"end":{"line":217,"column":48}},"70":{"start":{"line":218,"column":4},"end":{"line":221,"column":5}},"71":{"start":{"line":219,"column":6},"end":{"line":219,"column":22}},"72":{"start":{"line":220,"column":6},"end":{"line":220,"column":38}},"73":{"start":{"line":225,"column":4},"end":{"line":225,"column":40}},"74":{"start":{"line":230,"column":4},"end":{"line":232,"column":5}},"75":{"start":{"line":231,"column":6},"end":{"line":231,"column":22}},"76":{"start":{"line":233,"column":4},"end":{"line":233,"column":26}},"77":{"start":{"line":239,"column":16},"end":{"line":241,"column":53}},"78":{"start":{"line":243,"column":4},"end":{"line":243,"column":65}},"79":{"start":{"line":243,"column":14},"end":{"line":243,"column":65}},"80":{"start":{"line":244,"column":4},"end":{"line":244,"column":20}},"81":{"start":{"line":254,"column":4},"end":{"line":254,"column":33}},"82":{"start":{"line":254,"column":26},"end":{"line":254,"column":33}},"83":{"start":{"line":256,"column":16},"end":{"line":256,"column":44}},"84":{"start":{"line":257,"column":18},"end":{"line":257,"column":77}},"85":{"start":{"line":257,"column":74},"end":{"line":257,"column":76}},"86":{"start":{"line":259,"column":4},"end":{"line":277,"column":5}},"87":{"start":{"line":260,"column":6},"end":{"line":260,"column":48}},"88":{"start":{"line":260,"column":39},"end":{"line":260,"column":48}},"89":{"start":{"line":262,"column":22},"end":{"line":262,"column":61}},"90":{"start":{"line":263,"column":16},"end":{"line":263,"column":66}},"91":{"start":{"line":263,"column":61},"end":{"line":263,"column":65}},"92":{"start":{"line":264,"column":6},"end":{"line":264,"column":23}},"93":{"start":{"line":264,"column":14},"end":{"line":264,"column":23}},"94":{"start":{"line":266,"column":6},"end":{"line":272,"column":9}},"95":{"start":{"line":274,"column":6},"end":{"line":276,"column":7}},"96":{"start":{"line":275,"column":8},"end":{"line":275,"column":65}},"97":{"start":{"line":284,"column":2},"end":{"line":284,"column":31}}},"fnMap":{"0":{"name":"(anonymous_0)","decl":{"start":{"line":54,"column":2},"end":{"line":54,"column":31}},"loc":{"start":{"line":54,"column":52},"end":{"line":54,"column":56}}},"1":{"name":"(anonymous_1)","decl":{"start":{"line":58,"column":2},"end":{"line":58,"column":7}},"loc":{"start":{"line":58,"column":56},"end":{"line":61,"column":3}}},"2":{"name":"(anonymous_2)","decl":{"start":{"line":63,"column":2},"end":{"line":63,"column":7}},"loc":{"start":{"line":63,"column":61},"end":{"line":66,"column":3}}},"3":{"name":"(anonymous_3)","decl":{"start":{"line":70,"column":2},"end":{"line":70,"column":7}},"loc":{"start":{"line":70,"column":74},"end":{"line":89,"column":3}}},"4":{"name":"(anonymous_4)","decl":{"start":{"line":91,"column":2},"end":{"line":91,"column":7}},"loc":{"start":{"line":91,"column":76},"end":{"line":110,"column":3}}},"5":{"name":"(anonymous_5)","decl":{"start":{"line":114,"column":2},"end":{"line":114,"column":7}},"loc":{"start":{"line":114,"column":58},"end":{"line":118,"column":3}}},"6":{"name":"(anonymous_6)","decl":{"start":{"line":120,"column":2},"end":{"line":120,"column":7}},"loc":{"start":{"line":120,"column":68},"end":{"line":127,"column":3}}},"7":{"name":"(anonymous_7)","decl":{"start":{"line":129,"column":2},"end":{"line":129,"column":7}},"loc":{"start":{"line":129,"column":68},"end":{"line":135,"column":3}}},"8":{"name":"(anonymous_8)","decl":{"start":{"line":139,"column":2},"end":{"line":139,"column":7}},"loc":{"start":{"line":139,"column":55},"end":{"line":142,"column":3}}},"9":{"name":"(anonymous_9)","decl":{"start":{"line":144,"column":2},"end":{"line":144,"column":7}},"loc":{"start":{"line":144,"column":53},"end":{"line":162,"column":3}}},"10":{"name":"(anonymous_10)","decl":{"start":{"line":150,"column":16},"end":{"line":150,"column":21}},"loc":{"start":{"line":150,"column":29},"end":{"line":160,"column":7}}},"11":{"name":"(anonymous_11)","decl":{"start":{"line":168,"column":2},"end":{"line":168,"column":7}},"loc":{"start":{"line":168,"column":47},"end":{"line":173,"column":3}}},"12":{"name":"(anonymous_12)","decl":{"start":{"line":175,"column":2},"end":{"line":175,"column":7}},"loc":{"start":{"line":175,"column":58},"end":{"line":183,"column":3}}},"13":{"name":"(anonymous_13)","decl":{"start":{"line":195,"column":2},"end":{"line":195,"column":14}},"loc":{"start":{"line":195,"column":53},"end":{"line":214,"column":3}}},"14":{"name":"(anonymous_14)","decl":{"start":{"line":201,"column":6},"end":{"line":201,"column":7}},"loc":{"start":{"line":201,"column":31},"end":{"line":209,"column":7}}},"15":{"name":"(anonymous_15)","decl":{"start":{"line":207,"column":16},"end":{"line":207,"column":19}},"loc":{"start":{"line":207,"column":21},"end":{"line":207,"column":83}}},"16":{"name":"(anonymous_16)","decl":{"start":{"line":208,"column":17},"end":{"line":208,"column":20}},"loc":{"start":{"line":208,"column":22},"end":{"line":208,"column":83}}},"17":{"name":"(anonymous_17)","decl":{"start":{"line":212,"column":24},"end":{"line":212,"column":27}},"loc":{"start":{"line":212,"column":29},"end":{"line":212,"column":73}}},"18":{"name":"(anonymous_18)","decl":{"start":{"line":216,"column":2},"end":{"line":216,"column":16}},"loc":{"start":{"line":216,"column":34},"end":{"line":222,"column":3}}},"19":{"name":"(anonymous_19)","decl":{"start":{"line":224,"column":2},"end":{"line":224,"column":12}},"loc":{"start":{"line":224,"column":30},"end":{"line":226,"column":3}}},"20":{"name":"(anonymous_20)","decl":{"start":{"line":229,"column":2},"end":{"line":229,"column":7}},"loc":{"start":{"line":229,"column":7},"end":{"line":234,"column":3}}},"21":{"name":"(anonymous_21)","decl":{"start":{"line":238,"column":10},"end":{"line":238,"column":28}},"loc":{"start":{"line":238,"column":46},"end":{"line":245,"column":3}}},"22":{"name":"(anonymous_22)","decl":{"start":{"line":247,"column":10},"end":{"line":247,"column":15}},"loc":{"start":{"line":252,"column":20},"end":{"line":278,"column":3}}},"23":{"name":"(anonymous_23)","decl":{"start":{"line":257,"column":68},"end":{"line":257,"column":71}},"loc":{"start":{"line":257,"column":74},"end":{"line":257,"column":76}}},"24":{"name":"(anonymous_24)","decl":{"start":{"line":263,"column":55},"end":{"line":263,"column":58}},"loc":{"start":{"line":263,"column":61},"end":{"line":263,"column":65}}},"25":{"name":"normPath","decl":{"start":{"line":283,"column":9},"end":{"line":283,"column":17}},"loc":{"start":{"line":283,"column":27},"end":{"line":285,"column":1}}}},"branchMap":{"0":{"loc":{"start":{"line":85,"column":18},"end":{"line":85,"column":58}},"type":"cond-expr","locations":[{"start":{"line":85,"column":26},"end":{"line":85,"column":40}},{"start":{"line":85,"column":43},"end":{"line":85,"column":58}}]},"1":{"loc":{"start":{"line":106,"column":18},"end":{"line":106,"column":58}},"type":"cond-expr","locations":[{"start":{"line":106,"column":26},"end":{"line":106,"column":40}},{"start":{"line":106,"column":43},"end":{"line":106,"column":58}}]},"2":{"loc":{"start":{"line":144,"column":35},"end":{"line":144,"column":53}},"type":"default-arg","locations":[{"start":{"line":144,"column":50},"end":{"line":144,"column":53}}]},"3":{"loc":{"start":{"line":146,"column":30},"end":{"line":146,"column":70}},"type":"cond-expr","locations":[{"start":{"line":146,"column":53},"end":{"line":146,"column":55}},{"start":{"line":146,"column":58},"end":{"line":146,"column":70}}]},"4":{"loc":{"start":{"line":152,"column":20},"end":{"line":152,"column":85}},"type":"cond-expr","locations":[{"start":{"line":152,"column":43},"end":{"line":152,"column":52}},{"start":{"line":152,"column":55},"end":{"line":152,"column":85}}]},"5":{"loc":{"start":{"line":168,"column":35},"end":{"line":168,"column":47}},"type":"default-arg","locations":[{"start":{"line":168,"column":46},"end":{"line":168,"column":47}}]},"6":{"loc":{"start":{"line":196,"column":4},"end":{"line":196,"column":45}},"type":"if","locations":[{"start":{"line":196,"column":4},"end":{"line":196,"column":45}}]},"7":{"loc":{"start":{"line":202,"column":8},"end":{"line":202,"column":30}},"type":"if","locations":[{"start":{"line":202,"column":8},"end":{"line":202,"column":30}}]},"8":{"loc":{"start":{"line":218,"column":4},"end":{"line":221,"column":5}},"type":"if","locations":[{"start":{"line":218,"column":4},"end":{"line":221,"column":5}}]},"9":{"loc":{"start":{"line":243,"column":4},"end":{"line":243,"column":65}},"type":"if","locations":[{"start":{"line":243,"column":4},"end":{"line":243,"column":65}}]},"10":{"loc":{"start":{"line":254,"column":4},"end":{"line":254,"column":33}},"type":"if","locations":[{"start":{"line":254,"column":4},"end":{"line":254,"column":33}}]},"11":{"loc":{"start":{"line":256,"column":16},"end":{"line":256,"column":44}},"type":"cond-expr","locations":[{"start":{"line":256,"column":22},"end":{"line":256,"column":37}},{"start":{"line":256,"column":40},"end":{"line":256,"column":44}}]},"12":{"loc":{"start":{"line":260,"column":6},"end":{"line":260,"column":48}},"type":"if","locations":[{"start":{"line":260,"column":6},"end":{"line":260,"column":48}}]},"13":{"loc":{"start":{"line":262,"column":22},"end":{"line":262,"column":61}},"type":"cond-expr","locations":[{"start":{"line":262,"column":28},"end":{"line":262,"column":49}},{"start":{"line":262,"column":52},"end":{"line":262,"column":61}}]},"14":{"loc":{"start":{"line":264,"column":6},"end":{"line":264,"column":23}},"type":"if","locations":[{"start":{"line":264,"column":6},"end":{"line":264,"column":23}}]},"15":{"loc":{"start":{"line":274,"column":6},"end":{"line":276,"column":7}},"type":"if","locations":[{"start":{"line":274,"column":6},"end":{"line":276,"column":7}}]}},"s":{"0":1,"1":31,"2":31,"3":9,"4":8,"5":1,"6":1,"7":21,"8":21,"9":21,"10":21,"11":21,"12":21,"13":19,"14":21,"15":21,"16":1,"17":1,"18":1,"19":1,"20":1,"21":1,"22":1,"23":1,"24":1,"25":3,"26":3,"27":2,"28":2,"29":2,"30":2,"31":2,"32":2,"33":2,"34":2,"35":2,"36":2,"37":2,"38":2,"39":2,"40":2,"41":5,"42":5,"43":5,"44":5,"45":6,"46":6,"47":6,"48":5,"49":5,"50":5,"51":5,"52":2,"53":2,"54":2,"55":1,"56":1,"57":5,"58":1,"59":4,"60":0,"61":0,"62":0,"63":0,"64":0,"65":0,"66":0,"67":4,"68":4,"69":1,"70":1,"71":1,"72":1,"73":5,"74":33,"75":3,"76":33,"77":53,"78":53,"79":1,"80":52,"81":12,"82":1,"83":11,"84":11,"85":0,"86":11,"87":13,"88":2,"89":11,"90":11,"91":0,"92":11,"93":0,"94":11,"95":11,"96":7,"97":47},"f":{"0":31,"1":9,"2":1,"3":21,"4":1,"5":3,"6":2,"7":2,"8":2,"9":5,"10":6,"11":5,"12":2,"13":5,"14":0,"15":0,"16":0,"17":0,"18":1,"19":5,"20":33,"21":53,"22":12,"23":0,"24":0,"25":47},"b":{"0":[19,2],"1":[1,0],"2":[3],"3":[3,2],"4":[4,2],"5":[3],"6":[1],"7":[0],"8":[1],"9":[1],"10":[1],"11":[6,5],"12":[2],"13":[7,4],"14":[0],"15":[7]}}
,"/Users/praveenveera/Documents/work-offline/project-vyom/packages/engine/src/project-manager/project-manager.ts": {"path":"/Users/praveenveera/Documents/work-offline/project-vyom/packages/engine/src/project-manager/project-manager.ts","statementMap":{"0":{"start":{"line":53,"column":2},"end":{"line":63,"column":4}},"1":{"start":{"line":70,"column":21},"end":{"line":70,"column":42}},"2":{"start":{"line":71,"column":21},"end":{"line":71,"column":40}},"3":{"start":{"line":75,"column":15},"end":{"line":75,"column":27}},"4":{"start":{"line":76,"column":16},"end":{"line":76,"column":40}},"5":{"start":{"line":78,"column":4},"end":{"line":90,"column":6}},"6":{"start":{"line":92,"column":16},"end":{"line":92,"column":92}},"7":{"start":{"line":93,"column":20},"end":{"line":93,"column":37}},"8":{"start":{"line":95,"column":4},"end":{"line":99,"column":7}},"9":{"start":{"line":101,"column":4},"end":{"line":101,"column":19}},"10":{"start":{"line":105,"column":16},"end":{"line":107,"column":65}},"11":{"start":{"line":109,"column":4},"end":{"line":111,"column":5}},"12":{"start":{"line":110,"column":6},"end":{"line":110,"column":57}},"13":{"start":{"line":113,"column":4},"end":{"line":113,"column":29}},"14":{"start":{"line":117,"column":16},"end":{"line":117,"column":63}},"15":{"start":{"line":118,"column":30},"end":{"line":118,"column":48}},"16":{"start":{"line":120,"column":4},"end":{"line":123,"column":5}},"17":{"start":{"line":121,"column":6},"end":{"line":121,"column":33}},"18":{"start":{"line":122,"column":6},"end":{"line":122,"column":33}},"19":{"start":{"line":125,"column":4},"end":{"line":125,"column":41}},"20":{"start":{"line":127,"column":17},"end":{"line":127,"column":70}},"21":{"start":{"line":128,"column":4},"end":{"line":128,"column":34}},"22":{"start":{"line":132,"column":20},"end":{"line":132,"column":46}},"23":{"start":{"line":133,"column":4},"end":{"line":133,"column":63}},"24":{"start":{"line":134,"column":4},"end":{"line":134,"column":19}},"25":{"start":{"line":138,"column":4},"end":{"line":138,"column":31}},"26":{"start":{"line":139,"column":4},"end":{"line":139,"column":51}},"27":{"start":{"line":143,"column":16},"end":{"line":143,"column":40}},"28":{"start":{"line":145,"column":19},"end":{"line":147,"column":44}},"29":{"start":{"line":149,"column":4},"end":{"line":151,"column":5}},"30":{"start":{"line":150,"column":6},"end":{"line":150,"column":57}},"31":{"start":{"line":153,"column":20},"end":{"line":153,"column":46}},"32":{"start":{"line":154,"column":4},"end":{"line":154,"column":53}},"33":{"start":{"line":155,"column":4},"end":{"line":155,"column":19}},"34":{"start":{"line":159,"column":16},"end":{"line":159,"column":40}},"35":{"start":{"line":161,"column":19},"end":{"line":163,"column":44}},"36":{"start":{"line":165,"column":4},"end":{"line":167,"column":5}},"37":{"start":{"line":166,"column":6},"end":{"line":166,"column":57}},"38":{"start":{"line":169,"column":4},"end":{"line":169,"column":38}},"39":{"start":{"line":173,"column":16},"end":{"line":173,"column":40}},"40":{"start":{"line":174,"column":29},"end":{"line":174,"column":47}},"41":{"start":{"line":175,"column":30},"end":{"line":175,"column":35}},"42":{"start":{"line":177,"column":4},"end":{"line":180,"column":5}},"43":{"start":{"line":178,"column":6},"end":{"line":178,"column":30}},"44":{"start":{"line":179,"column":6},"end":{"line":179,"column":32}},"45":{"start":{"line":182,"column":4},"end":{"line":185,"column":5}},"46":{"start":{"line":183,"column":6},"end":{"line":183,"column":37}},"47":{"start":{"line":184,"column":6},"end":{"line":184,"column":39}},"48":{"start":{"line":187,"column":4},"end":{"line":187,"column":45}},"49":{"start":{"line":189,"column":19},"end":{"line":191,"column":21}},"50":{"start":{"line":193,"column":4},"end":{"line":195,"column":5}},"51":{"start":{"line":194,"column":6},"end":{"line":194,"column":57}},"52":{"start":{"line":197,"column":4},"end":{"line":197,"column":38}},"53":{"start":{"line":201,"column":4},"end":{"line":201,"column":31}},"54":{"start":{"line":203,"column":4},"end":{"line":204,"column":40}}},"fnMap":{"0":{"name":"rowToProject","decl":{"start":{"line":52,"column":9},"end":{"line":52,"column":21}},"loc":{"start":{"line":52,"column":37},"end":{"line":64,"column":1}}},"1":{"name":"(anonymous_1)","decl":{"start":{"line":69,"column":2},"end":{"line":69,"column":null}},"loc":{"start":{"line":71,"column":40},"end":{"line":72,"column":6}}},"2":{"name":"(anonymous_2)","decl":{"start":{"line":74,"column":2},"end":{"line":74,"column":15}},"loc":{"start":{"line":74,"column":45},"end":{"line":102,"column":3}}},"3":{"name":"(anonymous_3)","decl":{"start":{"line":104,"column":2},"end":{"line":104,"column":12}},"loc":{"start":{"line":104,"column":30},"end":{"line":114,"column":3}}},"4":{"name":"(anonymous_4)","decl":{"start":{"line":116,"column":2},"end":{"line":116,"column":14}},"loc":{"start":{"line":116,"column":50},"end":{"line":129,"column":3}}},"5":{"name":"(anonymous_5)","decl":{"start":{"line":131,"column":2},"end":{"line":131,"column":13}},"loc":{"start":{"line":131,"column":31},"end":{"line":135,"column":3}}},"6":{"name":"(anonymous_6)","decl":{"start":{"line":137,"column":2},"end":{"line":137,"column":14}},"loc":{"start":{"line":137,"column":32},"end":{"line":140,"column":3}}},"7":{"name":"(anonymous_7)","decl":{"start":{"line":142,"column":2},"end":{"line":142,"column":16}},"loc":{"start":{"line":142,"column":34},"end":{"line":156,"column":3}}},"8":{"name":"(anonymous_8)","decl":{"start":{"line":158,"column":2},"end":{"line":158,"column":16}},"loc":{"start":{"line":158,"column":34},"end":{"line":170,"column":3}}},"9":{"name":"(anonymous_9)","decl":{"start":{"line":172,"column":2},"end":{"line":172,"column":15}},"loc":{"start":{"line":172,"column":83},"end":{"line":198,"column":3}}},"10":{"name":"(anonymous_10)","decl":{"start":{"line":200,"column":2},"end":{"line":200,"column":15}},"loc":{"start":{"line":200,"column":33},"end":{"line":205,"column":3}}}},"branchMap":{"0":{"loc":{"start":{"line":85,"column":6},"end":{"line":85,"column":31}},"type":"binary-expr","locations":[{"start":{"line":85,"column":6},"end":{"line":85,"column":25}},{"start":{"line":85,"column":29},"end":{"line":85,"column":31}}]},"1":{"loc":{"start":{"line":109,"column":4},"end":{"line":111,"column":5}},"type":"if","locations":[{"start":{"line":109,"column":4},"end":{"line":111,"column":5}}]},"2":{"loc":{"start":{"line":120,"column":4},"end":{"line":123,"column":5}},"type":"if","locations":[{"start":{"line":120,"column":4},"end":{"line":123,"column":5}}]},"3":{"loc":{"start":{"line":149,"column":4},"end":{"line":151,"column":5}},"type":"if","locations":[{"start":{"line":149,"column":4},"end":{"line":151,"column":5}}]},"4":{"loc":{"start":{"line":165,"column":4},"end":{"line":167,"column":5}},"type":"if","locations":[{"start":{"line":165,"column":4},"end":{"line":167,"column":5}}]},"5":{"loc":{"start":{"line":177,"column":4},"end":{"line":180,"column":5}},"type":"if","locations":[{"start":{"line":177,"column":4},"end":{"line":180,"column":5}}]},"6":{"loc":{"start":{"line":182,"column":4},"end":{"line":185,"column":5}},"type":"if","locations":[{"start":{"line":182,"column":4},"end":{"line":185,"column":5}}]},"7":{"loc":{"start":{"line":193,"column":4},"end":{"line":195,"column":5}},"type":"if","locations":[{"start":{"line":193,"column":4},"end":{"line":195,"column":5}}]}},"s":{"0":32,"1":20,"2":20,"3":17,"4":17,"5":17,"6":17,"7":17,"8":17,"9":17,"10":13,"11":13,"12":2,"13":11,"14":5,"15":5,"16":5,"17":2,"18":2,"19":5,"20":5,"21":5,"22":1,"23":1,"24":1,"25":1,"26":1,"27":5,"28":5,"29":5,"30":1,"31":4,"32":4,"33":4,"34":1,"35":1,"36":1,"37":0,"38":1,"39":3,"40":3,"41":3,"42":3,"43":2,"44":2,"45":3,"46":1,"47":1,"48":3,"49":3,"50":3,"51":1,"52":2,"53":2,"54":1},"f":{"0":32,"1":20,"2":17,"3":13,"4":5,"5":1,"6":1,"7":5,"8":1,"9":3,"10":2},"b":{"0":[17,16],"1":[2],"2":[2],"3":[1],"4":[0],"5":[2],"6":[1],"7":[1]}}
,"/Users/praveenveera/Documents/work-offline/project-vyom/packages/engine/src/session-manager/session-manager.ts": {"path":"/Users/praveenveera/Documents/work-offline/project-vyom/packages/engine/src/session-manager/session-manager.ts","statementMap":{"0":{"start":{"line":75,"column":27},"end":{"line":80,"column":4}},"1":{"start":{"line":81,"column":2},"end":{"line":81,"column":60}},"2":{"start":{"line":81,"column":29},"end":{"line":81,"column":60}},"3":{"start":{"line":82,"column":2},"end":{"line":82,"column":17}},"4":{"start":{"line":86,"column":27},"end":{"line":92,"column":4}},"5":{"start":{"line":93,"column":2},"end":{"line":93,"column":80}},"6":{"start":{"line":93,"column":36},"end":{"line":93,"column":80}},"7":{"start":{"line":94,"column":2},"end":{"line":94,"column":60}},"8":{"start":{"line":94,"column":29},"end":{"line":94,"column":60}},"9":{"start":{"line":95,"column":2},"end":{"line":95,"column":17}},"10":{"start":{"line":101,"column":31},"end":{"line":101,"column":52}},"11":{"start":{"line":104,"column":15},"end":{"line":104,"column":27}},"12":{"start":{"line":105,"column":16},"end":{"line":105,"column":40}},"13":{"start":{"line":106,"column":24},"end":{"line":106,"column":72}},"14":{"start":{"line":108,"column":4},"end":{"line":111,"column":44}},"15":{"start":{"line":113,"column":16},"end":{"line":113,"column":92}},"16":{"start":{"line":114,"column":20},"end":{"line":114,"column":37}},"17":{"start":{"line":116,"column":4},"end":{"line":116,"column":75}},"18":{"start":{"line":118,"column":4},"end":{"line":118,"column":19}},"19":{"start":{"line":122,"column":20},"end":{"line":122,"column":46}},"20":{"start":{"line":124,"column":4},"end":{"line":124,"column":40}},"21":{"start":{"line":124,"column":25},"end":{"line":124,"column":40}},"22":{"start":{"line":126,"column":16},"end":{"line":126,"column":40}},"23":{"start":{"line":127,"column":23},"end":{"line":127,"column":73}},"24":{"start":{"line":129,"column":4},"end":{"line":129,"column":89}},"25":{"start":{"line":131,"column":20},"end":{"line":131,"column":46}},"26":{"start":{"line":132,"column":4},"end":{"line":132,"column":62}},"27":{"start":{"line":134,"column":4},"end":{"line":134,"column":19}},"28":{"start":{"line":138,"column":16},"end":{"line":140,"column":47}},"29":{"start":{"line":142,"column":4},"end":{"line":142,"column":65}},"30":{"start":{"line":142,"column":14},"end":{"line":142,"column":65}},"31":{"start":{"line":144,"column":4},"end":{"line":144,"column":29}},"32":{"start":{"line":149,"column":17},"end":{"line":151,"column":37}},"33":{"start":{"line":153,"column":4},"end":{"line":153,"column":34}},"34":{"start":{"line":157,"column":4},"end":{"line":157,"column":31}},"35":{"start":{"line":159,"column":15},"end":{"line":159,"column":27}},"36":{"start":{"line":160,"column":16},"end":{"line":160,"column":40}},"37":{"start":{"line":162,"column":4},"end":{"line":165,"column":40}},"38":{"start":{"line":167,"column":16},"end":{"line":167,"column":92}},"39":{"start":{"line":168,"column":20},"end":{"line":168,"column":37}},"40":{"start":{"line":170,"column":4},"end":{"line":170,"column":89}},"41":{"start":{"line":172,"column":4},"end":{"line":172,"column":19}},"42":{"start":{"line":181,"column":20},"end":{"line":181,"column":46}},"43":{"start":{"line":183,"column":15},"end":{"line":183,"column":27}},"44":{"start":{"line":184,"column":16},"end":{"line":184,"column":40}},"45":{"start":{"line":186,"column":4},"end":{"line":196,"column":6}},"46":{"start":{"line":198,"column":16},"end":{"line":198,"column":92}},"47":{"start":{"line":199,"column":20},"end":{"line":199,"column":37}},"48":{"start":{"line":201,"column":4},"end":{"line":201,"column":94}},"49":{"start":{"line":202,"column":4},"end":{"line":213,"column":7}},"50":{"start":{"line":215,"column":4},"end":{"line":215,"column":19}},"51":{"start":{"line":219,"column":4},"end":{"line":219,"column":31}},"52":{"start":{"line":221,"column":15},"end":{"line":221,"column":27}},"53":{"start":{"line":222,"column":16},"end":{"line":222,"column":40}},"54":{"start":{"line":224,"column":4},"end":{"line":227,"column":57}},"55":{"start":{"line":229,"column":16},"end":{"line":229,"column":92}},"56":{"start":{"line":230,"column":20},"end":{"line":230,"column":37}},"57":{"start":{"line":232,"column":4},"end":{"line":232,"column":94}},"58":{"start":{"line":234,"column":4},"end":{"line":234,"column":19}},"59":{"start":{"line":238,"column":4},"end":{"line":238,"column":31}},"60":{"start":{"line":240,"column":17},"end":{"line":242,"column":37}},"61":{"start":{"line":244,"column":4},"end":{"line":244,"column":34}},"62":{"start":{"line":252,"column":21},"end":{"line":252,"column":48}},"63":{"start":{"line":253,"column":4},"end":{"line":253,"column":89}},"64":{"start":{"line":253,"column":50},"end":{"line":253,"column":86}}},"fnMap":{"0":{"name":"rowToSession","decl":{"start":{"line":74,"column":9},"end":{"line":74,"column":21}},"loc":{"start":{"line":74,"column":37},"end":{"line":83,"column":1}}},"1":{"name":"rowToMessage","decl":{"start":{"line":85,"column":9},"end":{"line":85,"column":21}},"loc":{"start":{"line":85,"column":37},"end":{"line":96,"column":1}}},"2":{"name":"(anonymous_2)","decl":{"start":{"line":101,"column":2},"end":{"line":101,"column":31}},"loc":{"start":{"line":101,"column":52},"end":{"line":101,"column":56}}},"3":{"name":"(anonymous_3)","decl":{"start":{"line":103,"column":2},"end":{"line":103,"column":14}},"loc":{"start":{"line":103,"column":47},"end":{"line":119,"column":3}}},"4":{"name":"(anonymous_4)","decl":{"start":{"line":121,"column":2},"end":{"line":121,"column":12}},"loc":{"start":{"line":121,"column":30},"end":{"line":135,"column":3}}},"5":{"name":"(anonymous_5)","decl":{"start":{"line":137,"column":2},"end":{"line":137,"column":12}},"loc":{"start":{"line":137,"column":30},"end":{"line":145,"column":3}}},"6":{"name":"(anonymous_6)","decl":{"start":{"line":147,"column":2},"end":{"line":147,"column":14}},"loc":{"start":{"line":147,"column":32},"end":{"line":154,"column":3}}},"7":{"name":"(anonymous_7)","decl":{"start":{"line":156,"column":2},"end":{"line":156,"column":16}},"loc":{"start":{"line":156,"column":51},"end":{"line":173,"column":3}}},"8":{"name":"(anonymous_8)","decl":{"start":{"line":180,"column":2},"end":{"line":180,"column":24}},"loc":{"start":{"line":180,"column":82},"end":{"line":216,"column":3}}},"9":{"name":"(anonymous_9)","decl":{"start":{"line":218,"column":2},"end":{"line":218,"column":21}},"loc":{"start":{"line":218,"column":74},"end":{"line":235,"column":3}}},"10":{"name":"(anonymous_10)","decl":{"start":{"line":237,"column":2},"end":{"line":237,"column":13}},"loc":{"start":{"line":237,"column":31},"end":{"line":245,"column":3}}},"11":{"name":"(anonymous_11)","decl":{"start":{"line":251,"column":2},"end":{"line":251,"column":12}},"loc":{"start":{"line":251,"column":48},"end":{"line":254,"column":3}}},"12":{"name":"(anonymous_12)","decl":{"start":{"line":253,"column":44},"end":{"line":253,"column":45}},"loc":{"start":{"line":253,"column":50},"end":{"line":253,"column":86}}}},"branchMap":{"0":{"loc":{"start":{"line":81,"column":2},"end":{"line":81,"column":60}},"type":"if","locations":[{"start":{"line":81,"column":2},"end":{"line":81,"column":60}}]},"1":{"loc":{"start":{"line":93,"column":2},"end":{"line":93,"column":80}},"type":"if","locations":[{"start":{"line":93,"column":2},"end":{"line":93,"column":80}}]},"2":{"loc":{"start":{"line":94,"column":2},"end":{"line":94,"column":60}},"type":"if","locations":[{"start":{"line":94,"column":2},"end":{"line":94,"column":60}}]},"3":{"loc":{"start":{"line":106,"column":24},"end":{"line":106,"column":72}},"type":"binary-expr","locations":[{"start":{"line":106,"column":24},"end":{"line":106,"column":28}},{"start":{"line":106,"column":32},"end":{"line":106,"column":72}}]},"4":{"loc":{"start":{"line":124,"column":4},"end":{"line":124,"column":40}},"type":"if","locations":[{"start":{"line":124,"column":4},"end":{"line":124,"column":40}}]},"5":{"loc":{"start":{"line":142,"column":4},"end":{"line":142,"column":65}},"type":"if","locations":[{"start":{"line":142,"column":4},"end":{"line":142,"column":65}}]},"6":{"loc":{"start":{"line":194,"column":6},"end":{"line":194,"column":29}},"type":"binary-expr","locations":[{"start":{"line":194,"column":6},"end":{"line":194,"column":21}},{"start":{"line":194,"column":25},"end":{"line":194,"column":29}}]},"7":{"loc":{"start":{"line":227,"column":35},"end":{"line":227,"column":50}},"type":"binary-expr","locations":[{"start":{"line":227,"column":35},"end":{"line":227,"column":42}},{"start":{"line":227,"column":46},"end":{"line":227,"column":50}}]},"8":{"loc":{"start":{"line":251,"column":32},"end":{"line":251,"column":48}},"type":"default-arg","locations":[{"start":{"line":251,"column":46},"end":{"line":251,"column":48}}]}},"s":{"0":41,"1":41,"2":4,"3":41,"4":20,"5":20,"6":4,"7":20,"8":0,"9":20,"10":18,"11":16,"12":16,"13":16,"14":16,"15":16,"16":16,"17":16,"18":16,"19":4,"20":4,"21":1,"22":3,"23":3,"24":3,"25":3,"26":3,"27":3,"28":25,"29":25,"30":2,"31":23,"32":2,"33":2,"34":10,"35":9,"36":9,"37":9,"38":9,"39":9,"40":9,"41":9,"42":3,"43":3,"44":3,"45":3,"46":3,"47":3,"48":3,"49":3,"50":3,"51":0,"52":0,"53":0,"54":0,"55":0,"56":0,"57":0,"58":0,"59":3,"60":3,"61":3,"62":2,"63":2,"64":4},"f":{"0":41,"1":20,"2":18,"3":16,"4":4,"5":25,"6":2,"7":10,"8":3,"9":0,"10":3,"11":2,"12":4},"b":{"0":[4],"1":[4],"2":[0],"3":[16,13],"4":[1],"5":[2],"6":[3,3],"7":[0,0],"8":[1]}}
,"/Users/praveenveera/Documents/work-offline/project-vyom/packages/engine/src/workspace-manager/database.ts": {"path":"/Users/praveenveera/Documents/work-offline/project-vyom/packages/engine/src/workspace-manager/database.ts","statementMap":{"0":{"start":{"line":16,"column":2},"end":{"line":16,"column":41}},"1":{"start":{"line":20,"column":2},"end":{"line":20,"column":43}},"2":{"start":{"line":24,"column":2},"end":{"line":24,"column":46}},"3":{"start":{"line":29,"column":23},"end":{"line":29,"column":24}},"4":{"start":{"line":31,"column":22},"end":{"line":134,"column":2}},"5":{"start":{"line":145,"column":15},"end":{"line":145,"column":42}},"6":{"start":{"line":148,"column":14},"end":{"line":148,"column":30}},"7":{"start":{"line":149,"column":2},"end":{"line":151,"column":3}},"8":{"start":{"line":150,"column":4},"end":{"line":150,"column":40}},"9":{"start":{"line":153,"column":13},"end":{"line":153,"column":31}},"10":{"start":{"line":156,"column":2},"end":{"line":156,"column":34}},"11":{"start":{"line":157,"column":2},"end":{"line":157,"column":33}},"12":{"start":{"line":160,"column":2},"end":{"line":160,"column":25}},"13":{"start":{"line":163,"column":18},"end":{"line":165,"column":59}},"14":{"start":{"line":167,"column":2},"end":{"line":169,"column":3}},"15":{"start":{"line":168,"column":4},"end":{"line":168,"column":86}},"16":{"start":{"line":171,"column":2},"end":{"line":171,"column":12}}},"fnMap":{"0":{"name":"getGarageBuildDir","decl":{"start":{"line":15,"column":16},"end":{"line":15,"column":33}},"loc":{"start":{"line":15,"column":33},"end":{"line":17,"column":1}}},"1":{"name":"getDataDir","decl":{"start":{"line":19,"column":16},"end":{"line":19,"column":26}},"loc":{"start":{"line":19,"column":26},"end":{"line":21,"column":1}}},"2":{"name":"getDatabasePath","decl":{"start":{"line":23,"column":16},"end":{"line":23,"column":31}},"loc":{"start":{"line":23,"column":31},"end":{"line":25,"column":1}}},"3":{"name":"initDatabase","decl":{"start":{"line":144,"column":16},"end":{"line":144,"column":28}},"loc":{"start":{"line":144,"column":44},"end":{"line":172,"column":1}}}},"branchMap":{"0":{"loc":{"start":{"line":145,"column":15},"end":{"line":145,"column":42}},"type":"binary-expr","locations":[{"start":{"line":145,"column":15},"end":{"line":145,"column":21}},{"start":{"line":145,"column":25},"end":{"line":145,"column":42}}]},"1":{"loc":{"start":{"line":149,"column":2},"end":{"line":151,"column":3}},"type":"if","locations":[{"start":{"line":149,"column":2},"end":{"line":151,"column":3}}]},"2":{"loc":{"start":{"line":167,"column":2},"end":{"line":169,"column":3}},"type":"if","locations":[{"start":{"line":167,"column":2},"end":{"line":169,"column":3}}]}},"s":{"0":0,"1":0,"2":0,"3":5,"4":5,"5":110,"6":110,"7":110,"8":0,"9":110,"10":110,"11":110,"12":110,"13":110,"14":110,"15":107,"16":110},"f":{"0":0,"1":0,"2":0,"3":110},"b":{"0":[110,0],"1":[0],"2":[107]}}
,"/Users/praveenveera/Documents/work-offline/project-vyom/packages/engine/src/workspace-manager/workspace-manager.ts": {"path":"/Users/praveenveera/Documents/work-offline/project-vyom/packages/engine/src/workspace-manager/workspace-manager.ts","statementMap":{"0":{"start":{"line":94,"column":2},"end":{"line":101,"column":4}},"1":{"start":{"line":105,"column":30},"end":{"line":118,"column":4}},"2":{"start":{"line":120,"column":2},"end":{"line":122,"column":3}},"3":{"start":{"line":121,"column":4},"end":{"line":121,"column":39}},"4":{"start":{"line":124,"column":2},"end":{"line":126,"column":3}},"5":{"start":{"line":125,"column":4},"end":{"line":125,"column":34}},"6":{"start":{"line":128,"column":2},"end":{"line":128,"column":16}},"7":{"start":{"line":145,"column":24},"end":{"line":145,"column":29}},"8":{"start":{"line":155,"column":4},"end":{"line":155,"column":35}},"9":{"start":{"line":158,"column":24},"end":{"line":160,"column":40}},"10":{"start":{"line":162,"column":4},"end":{"line":184,"column":5}},"11":{"start":{"line":163,"column":6},"end":{"line":163,"column":51}},"12":{"start":{"line":166,"column":17},"end":{"line":166,"column":29}},"13":{"start":{"line":167,"column":18},"end":{"line":167,"column":42}},"14":{"start":{"line":169,"column":6},"end":{"line":172,"column":58}},"15":{"start":{"line":174,"column":18},"end":{"line":176,"column":32}},"16":{"start":{"line":178,"column":6},"end":{"line":178,"column":43}},"17":{"start":{"line":180,"column":6},"end":{"line":183,"column":9}},"18":{"start":{"line":186,"column":4},"end":{"line":186,"column":28}},"19":{"start":{"line":187,"column":4},"end":{"line":187,"column":26}},"20":{"start":{"line":197,"column":4},"end":{"line":197,"column":29}},"21":{"start":{"line":198,"column":4},"end":{"line":198,"column":26}},"22":{"start":{"line":206,"column":4},"end":{"line":206,"column":29}},"23":{"start":{"line":208,"column":19},"end":{"line":208,"column":62}},"24":{"start":{"line":209,"column":16},"end":{"line":209,"column":40}},"25":{"start":{"line":211,"column":4},"end":{"line":215,"column":59}},"26":{"start":{"line":217,"column":4},"end":{"line":221,"column":6}},"27":{"start":{"line":223,"column":4},"end":{"line":223,"column":75}},"28":{"start":{"line":225,"column":4},"end":{"line":225,"column":26}},"29":{"start":{"line":235,"column":4},"end":{"line":235,"column":29}},"30":{"start":{"line":237,"column":15},"end":{"line":237,"column":27}},"31":{"start":{"line":238,"column":27},"end":{"line":238,"column":50}},"32":{"start":{"line":239,"column":25},"end":{"line":239,"column":52}},"33":{"start":{"line":241,"column":4},"end":{"line":262,"column":6}},"34":{"start":{"line":264,"column":16},"end":{"line":266,"column":32}},"35":{"start":{"line":268,"column":19},"end":{"line":268,"column":40}},"36":{"start":{"line":270,"column":4},"end":{"line":274,"column":7}},"37":{"start":{"line":276,"column":4},"end":{"line":276,"column":18}},"38":{"start":{"line":283,"column":4},"end":{"line":283,"column":29}},"39":{"start":{"line":285,"column":17},"end":{"line":287,"column":49}},"40":{"start":{"line":289,"column":4},"end":{"line":289,"column":38}},"41":{"start":{"line":297,"column":4},"end":{"line":297,"column":29}},"42":{"start":{"line":299,"column":16},"end":{"line":301,"column":59}},"43":{"start":{"line":303,"column":4},"end":{"line":303,"column":51}},"44":{"start":{"line":311,"column":4},"end":{"line":311,"column":29}},"45":{"start":{"line":313,"column":16},"end":{"line":315,"column":68}},"46":{"start":{"line":317,"column":4},"end":{"line":319,"column":5}},"47":{"start":{"line":318,"column":6},"end":{"line":318,"column":60}},"48":{"start":{"line":322,"column":4},"end":{"line":324,"column":30}},"49":{"start":{"line":326,"column":4},"end":{"line":328,"column":20}},"50":{"start":{"line":330,"column":21},"end":{"line":330,"column":42}},"51":{"start":{"line":332,"column":4},"end":{"line":336,"column":7}},"52":{"start":{"line":338,"column":20},"end":{"line":340,"column":37}},"53":{"start":{"line":342,"column":4},"end":{"line":342,"column":37}},"54":{"start":{"line":351,"column":4},"end":{"line":351,"column":29}},"55":{"start":{"line":353,"column":16},"end":{"line":355,"column":68}},"56":{"start":{"line":357,"column":4},"end":{"line":359,"column":5}},"57":{"start":{"line":358,"column":6},"end":{"line":358,"column":60}},"58":{"start":{"line":361,"column":22},"end":{"line":361,"column":41}},"59":{"start":{"line":363,"column":4},"end":{"line":365,"column":20}},"60":{"start":{"line":368,"column":4},"end":{"line":378,"column":5}},"61":{"start":{"line":369,"column":19},"end":{"line":371,"column":61}},"62":{"start":{"line":373,"column":6},"end":{"line":377,"column":7}},"63":{"start":{"line":374,"column":8},"end":{"line":376,"column":24}},"64":{"start":{"line":388,"column":4},"end":{"line":388,"column":29}},"65":{"start":{"line":390,"column":16},"end":{"line":392,"column":68}},"66":{"start":{"line":394,"column":4},"end":{"line":396,"column":5}},"67":{"start":{"line":395,"column":6},"end":{"line":395,"column":60}},"68":{"start":{"line":398,"column":4},"end":{"line":398,"column":33}},"69":{"start":{"line":406,"column":4},"end":{"line":406,"column":29}},"70":{"start":{"line":407,"column":4},"end":{"line":407,"column":19}},"71":{"start":{"line":415,"column":4},"end":{"line":417,"column":5}},"72":{"start":{"line":416,"column":6},"end":{"line":416,"column":22}},"73":{"start":{"line":423,"column":4},"end":{"line":425,"column":5}},"74":{"start":{"line":424,"column":6},"end":{"line":424,"column":84}}},"fnMap":{"0":{"name":"rowToWorkspace","decl":{"start":{"line":93,"column":9},"end":{"line":93,"column":23}},"loc":{"start":{"line":93,"column":41},"end":{"line":102,"column":1}}},"1":{"name":"rowToModelConfig","decl":{"start":{"line":104,"column":9},"end":{"line":104,"column":25}},"loc":{"start":{"line":104,"column":45},"end":{"line":129,"column":1}}},"2":{"name":"(anonymous_2)","decl":{"start":{"line":153,"column":2},"end":{"line":153,"column":7}},"loc":{"start":{"line":153,"column":34},"end":{"line":188,"column":3}}},"3":{"name":"(anonymous_3)","decl":{"start":{"line":196,"column":2},"end":{"line":196,"column":14}},"loc":{"start":{"line":196,"column":14},"end":{"line":199,"column":3}}},"4":{"name":"(anonymous_4)","decl":{"start":{"line":205,"column":2},"end":{"line":205,"column":16}},"loc":{"start":{"line":205,"column":53},"end":{"line":226,"column":3}}},"5":{"name":"(anonymous_5)","decl":{"start":{"line":234,"column":2},"end":{"line":234,"column":16}},"loc":{"start":{"line":234,"column":47},"end":{"line":277,"column":3}}},"6":{"name":"(anonymous_6)","decl":{"start":{"line":282,"column":2},"end":{"line":282,"column":18}},"loc":{"start":{"line":282,"column":18},"end":{"line":290,"column":3}}},"7":{"name":"(anonymous_7)","decl":{"start":{"line":296,"column":2},"end":{"line":296,"column":16}},"loc":{"start":{"line":296,"column":16},"end":{"line":304,"column":3}}},"8":{"name":"(anonymous_8)","decl":{"start":{"line":310,"column":2},"end":{"line":310,"column":16}},"loc":{"start":{"line":310,"column":32},"end":{"line":343,"column":3}}},"9":{"name":"(anonymous_9)","decl":{"start":{"line":350,"column":2},"end":{"line":350,"column":19}},"loc":{"start":{"line":350,"column":35},"end":{"line":379,"column":3}}},"10":{"name":"(anonymous_10)","decl":{"start":{"line":387,"column":2},"end":{"line":387,"column":16}},"loc":{"start":{"line":387,"column":32},"end":{"line":399,"column":3}}},"11":{"name":"(anonymous_11)","decl":{"start":{"line":405,"column":2},"end":{"line":405,"column":7}},"loc":{"start":{"line":405,"column":7},"end":{"line":408,"column":3}}},"12":{"name":"(anonymous_12)","decl":{"start":{"line":414,"column":2},"end":{"line":414,"column":7}},"loc":{"start":{"line":414,"column":7},"end":{"line":418,"column":3}}},"13":{"name":"(anonymous_13)","decl":{"start":{"line":422,"column":10},"end":{"line":422,"column":27}},"loc":{"start":{"line":422,"column":27},"end":{"line":426,"column":3}}}},"branchMap":{"0":{"loc":{"start":{"line":120,"column":2},"end":{"line":122,"column":3}},"type":"if","locations":[{"start":{"line":120,"column":2},"end":{"line":122,"column":3}}]},"1":{"loc":{"start":{"line":124,"column":2},"end":{"line":126,"column":3}},"type":"if","locations":[{"start":{"line":124,"column":2},"end":{"line":126,"column":3}}]},"2":{"loc":{"start":{"line":162,"column":4},"end":{"line":184,"column":5}},"type":"if","locations":[{"start":{"line":162,"column":4},"end":{"line":184,"column":5}},{"start":{"line":164,"column":11},"end":{"line":184,"column":5}}]},"3":{"loc":{"start":{"line":254,"column":6},"end":{"line":254,"column":31}},"type":"binary-expr","locations":[{"start":{"line":254,"column":6},"end":{"line":254,"column":23}},{"start":{"line":254,"column":27},"end":{"line":254,"column":31}}]},"4":{"loc":{"start":{"line":255,"column":6},"end":{"line":255,"column":29}},"type":"binary-expr","locations":[{"start":{"line":255,"column":6},"end":{"line":255,"column":21}},{"start":{"line":255,"column":25},"end":{"line":255,"column":29}}]},"5":{"loc":{"start":{"line":256,"column":6},"end":{"line":256,"column":39}},"type":"binary-expr","locations":[{"start":{"line":256,"column":6},"end":{"line":256,"column":34}},{"start":{"line":256,"column":38},"end":{"line":256,"column":39}}]},"6":{"loc":{"start":{"line":257,"column":6},"end":{"line":257,"column":40}},"type":"binary-expr","locations":[{"start":{"line":257,"column":6},"end":{"line":257,"column":35}},{"start":{"line":257,"column":39},"end":{"line":257,"column":40}}]},"7":{"loc":{"start":{"line":258,"column":6},"end":{"line":258,"column":29}},"type":"cond-expr","locations":[{"start":{"line":258,"column":24},"end":{"line":258,"column":25}},{"start":{"line":258,"column":28},"end":{"line":258,"column":29}}]},"8":{"loc":{"start":{"line":259,"column":6},"end":{"line":259,"column":26}},"type":"cond-expr","locations":[{"start":{"line":259,"column":21},"end":{"line":259,"column":22}},{"start":{"line":259,"column":25},"end":{"line":259,"column":26}}]},"9":{"loc":{"start":{"line":260,"column":6},"end":{"line":260,"column":35}},"type":"binary-expr","locations":[{"start":{"line":260,"column":6},"end":{"line":260,"column":27}},{"start":{"line":260,"column":31},"end":{"line":260,"column":35}}]},"10":{"loc":{"start":{"line":261,"column":21},"end":{"line":261,"column":53}},"type":"binary-expr","locations":[{"start":{"line":261,"column":21},"end":{"line":261,"column":41}},{"start":{"line":261,"column":45},"end":{"line":261,"column":53}}]},"11":{"loc":{"start":{"line":303,"column":11},"end":{"line":303,"column":50}},"type":"cond-expr","locations":[{"start":{"line":303,"column":17},"end":{"line":303,"column":38}},{"start":{"line":303,"column":41},"end":{"line":303,"column":50}}]},"12":{"loc":{"start":{"line":317,"column":4},"end":{"line":319,"column":5}},"type":"if","locations":[{"start":{"line":317,"column":4},"end":{"line":319,"column":5}}]},"13":{"loc":{"start":{"line":333,"column":12},"end":{"line":333,"column":30}},"type":"binary-expr","locations":[{"start":{"line":333,"column":12},"end":{"line":333,"column":24}},{"start":{"line":333,"column":28},"end":{"line":333,"column":30}}]},"14":{"loc":{"start":{"line":357,"column":4},"end":{"line":359,"column":5}},"type":"if","locations":[{"start":{"line":357,"column":4},"end":{"line":359,"column":5}}]},"15":{"loc":{"start":{"line":368,"column":4},"end":{"line":378,"column":5}},"type":"if","locations":[{"start":{"line":368,"column":4},"end":{"line":378,"column":5}}]},"16":{"loc":{"start":{"line":373,"column":6},"end":{"line":377,"column":7}},"type":"if","locations":[{"start":{"line":373,"column":6},"end":{"line":377,"column":7}}]},"17":{"loc":{"start":{"line":394,"column":4},"end":{"line":396,"column":5}},"type":"if","locations":[{"start":{"line":394,"column":4},"end":{"line":396,"column":5}}]},"18":{"loc":{"start":{"line":415,"column":4},"end":{"line":417,"column":5}},"type":"if","locations":[{"start":{"line":415,"column":4},"end":{"line":417,"column":5}}]},"19":{"loc":{"start":{"line":423,"column":4},"end":{"line":425,"column":5}},"type":"if","locations":[{"start":{"line":423,"column":4},"end":{"line":425,"column":5}}]}},"s":{"0":29,"1":38,"2":38,"3":0,"4":38,"5":0,"6":38,"7":32,"8":29,"9":29,"10":29,"11":3,"12":26,"13":26,"14":26,"15":26,"16":26,"17":26,"18":29,"19":29,"20":3,"21":2,"22":3,"23":3,"24":3,"25":3,"26":3,"27":3,"28":3,"29":18,"30":18,"31":18,"32":18,"33":18,"34":18,"35":18,"36":18,"37":18,"38":22,"39":22,"40":22,"41":7,"42":7,"43":7,"44":4,"45":4,"46":4,"47":1,"48":3,"49":3,"50":3,"51":3,"52":3,"53":3,"54":3,"55":3,"56":3,"57":1,"58":2,"59":2,"60":2,"61":2,"62":2,"63":1,"64":3,"65":2,"66":2,"67":1,"68":1,"69":2,"70":1,"71":35,"72":32,"73":65,"74":3},"f":{"0":29,"1":38,"2":29,"3":3,"4":3,"5":18,"6":22,"7":7,"8":4,"9":3,"10":3,"11":2,"12":35,"13":65},"b":{"0":[0],"1":[0],"2":[3,26],"3":[18,18],"4":[18,18],"5":[18,18],"6":[18,18],"7":[12,6],"8":[12,6],"9":[18,18],"10":[18,18],"11":[6,1],"12":[1],"13":[3,0],"14":[1],"15":[2],"16":[1],"17":[1],"18":[32],"19":[3]}}
}
