{"/Users/praveenveera/Documents/work-offline/project-vyom/packages/engine/src/event-bus/event-bus.ts": {"path":"/Users/praveenveera/Documents/work-offline/project-vyom/packages/engine/src/event-bus/event-bus.ts","statementMap":{"0":{"start":{"line":116,"column":30},"end":{"line":116,"column":81}},"1":{"start":{"line":117,"column":34},"end":{"line":117,"column":85}},"2":{"start":{"line":125,"column":21},"end":{"line":125,"column":45}},"3":{"start":{"line":126,"column":4},"end":{"line":134,"column":5}},"4":{"start":{"line":127,"column":6},"end":{"line":133,"column":7}},"5":{"start":{"line":128,"column":8},"end":{"line":132,"column":9}},"6":{"start":{"line":129,"column":10},"end":{"line":129,"column":62}},"7":{"start":{"line":131,"column":10},"end":{"line":131,"column":76}},"8":{"start":{"line":136,"column":25},"end":{"line":136,"column":53}},"9":{"start":{"line":137,"column":4},"end":{"line":146,"column":5}},"10":{"start":{"line":138,"column":6},"end":{"line":144,"column":7}},"11":{"start":{"line":139,"column":8},"end":{"line":143,"column":9}},"12":{"start":{"line":140,"column":10},"end":{"line":140,"column":62}},"13":{"start":{"line":142,"column":10},"end":{"line":142,"column":81}},"14":{"start":{"line":145,"column":6},"end":{"line":145,"column":38}},"15":{"start":{"line":154,"column":38},"end":{"line":154,"column":40}},"16":{"start":{"line":156,"column":21},"end":{"line":156,"column":45}},"17":{"start":{"line":157,"column":4},"end":{"line":162,"column":5}},"18":{"start":{"line":158,"column":6},"end":{"line":161,"column":7}},"19":{"start":{"line":159,"column":23},"end":{"line":159,"column":74}},"20":{"start":{"line":160,"column":8},"end":{"line":160,"column":61}},"21":{"start":{"line":160,"column":39},"end":{"line":160,"column":61}},"22":{"start":{"line":164,"column":25},"end":{"line":164,"column":53}},"23":{"start":{"line":165,"column":4},"end":{"line":171,"column":5}},"24":{"start":{"line":166,"column":6},"end":{"line":169,"column":7}},"25":{"start":{"line":167,"column":23},"end":{"line":167,"column":74}},"26":{"start":{"line":168,"column":8},"end":{"line":168,"column":61}},"27":{"start":{"line":168,"column":39},"end":{"line":168,"column":61}},"28":{"start":{"line":170,"column":6},"end":{"line":170,"column":38}},"29":{"start":{"line":173,"column":4},"end":{"line":173,"column":32}},"30":{"start":{"line":180,"column":4},"end":{"line":182,"column":5}},"31":{"start":{"line":181,"column":6},"end":{"line":181,"column":42}},"32":{"start":{"line":183,"column":4},"end":{"line":183,"column":74}},"33":{"start":{"line":185,"column":4},"end":{"line":189,"column":6}},"34":{"start":{"line":187,"column":8},"end":{"line":187,"column":81}},"35":{"start":{"line":197,"column":4},"end":{"line":199,"column":5}},"36":{"start":{"line":198,"column":6},"end":{"line":198,"column":46}},"37":{"start":{"line":200,"column":4},"end":{"line":200,"column":78}},"38":{"start":{"line":202,"column":4},"end":{"line":206,"column":6}},"39":{"start":{"line":204,"column":8},"end":{"line":204,"column":85}},"40":{"start":{"line":214,"column":4},"end":{"line":220,"column":5}},"41":{"start":{"line":215,"column":6},"end":{"line":215,"column":34}},"42":{"start":{"line":216,"column":6},"end":{"line":216,"column":38}},"43":{"start":{"line":218,"column":6},"end":{"line":218,"column":28}},"44":{"start":{"line":219,"column":6},"end":{"line":219,"column":32}},"45":{"start":{"line":228,"column":4},"end":{"line":228,"column":93}},"46":{"start":{"line":233,"column":24},"end":{"line":233,"column":38}}},"fnMap":{"0":{"name":"(anonymous_0)","decl":{"start":{"line":124,"column":2},"end":{"line":124,"column":6}},"loc":{"start":{"line":124,"column":70},"end":{"line":147,"column":3}}},"1":{"name":"(anonymous_1)","decl":{"start":{"line":153,"column":2},"end":{"line":153,"column":7}},"loc":{"start":{"line":153,"column":81},"end":{"line":174,"column":3}}},"2":{"name":"(anonymous_2)","decl":{"start":{"line":179,"column":2},"end":{"line":179,"column":4}},"loc":{"start":{"line":179,"column":64},"end":{"line":190,"column":3}}},"3":{"name":"(anonymous_3)","decl":{"start":{"line":186,"column":19},"end":{"line":186,"column":22}},"loc":{"start":{"line":186,"column":24},"end":{"line":188,"column":7}}},"4":{"name":"(anonymous_4)","decl":{"start":{"line":196,"column":2},"end":{"line":196,"column":6}},"loc":{"start":{"line":196,"column":66},"end":{"line":207,"column":3}}},"5":{"name":"(anonymous_5)","decl":{"start":{"line":203,"column":19},"end":{"line":203,"column":22}},"loc":{"start":{"line":203,"column":24},"end":{"line":205,"column":7}}},"6":{"name":"(anonymous_6)","decl":{"start":{"line":213,"column":2},"end":{"line":213,"column":20}},"loc":{"start":{"line":213,"column":42},"end":{"line":221,"column":3}}},"7":{"name":"(anonymous_7)","decl":{"start":{"line":227,"column":2},"end":{"line":227,"column":15}},"loc":{"start":{"line":227,"column":36},"end":{"line":229,"column":3}}}},"branchMap":{"0":{"loc":{"start":{"line":126,"column":4},"end":{"line":134,"column":5}},"type":"if","locations":[{"start":{"line":126,"column":4},"end":{"line":134,"column":5}}]},"1":{"loc":{"start":{"line":137,"column":4},"end":{"line":146,"column":5}},"type":"if","locations":[{"start":{"line":137,"column":4},"end":{"line":146,"column":5}}]},"2":{"loc":{"start":{"line":157,"column":4},"end":{"line":162,"column":5}},"type":"if","locations":[{"start":{"line":157,"column":4},"end":{"line":162,"column":5}}]},"3":{"loc":{"start":{"line":160,"column":8},"end":{"line":160,"column":61}},"type":"if","locations":[{"start":{"line":160,"column":8},"end":{"line":160,"column":61}}]},"4":{"loc":{"start":{"line":165,"column":4},"end":{"line":171,"column":5}},"type":"if","locations":[{"start":{"line":165,"column":4},"end":{"line":171,"column":5}}]},"5":{"loc":{"start":{"line":168,"column":8},"end":{"line":168,"column":61}},"type":"if","locations":[{"start":{"line":168,"column":8},"end":{"line":168,"column":61}}]},"6":{"loc":{"start":{"line":180,"column":4},"end":{"line":182,"column":5}},"type":"if","locations":[{"start":{"line":180,"column":4},"end":{"line":182,"column":5}}]},"7":{"loc":{"start":{"line":197,"column":4},"end":{"line":199,"column":5}},"type":"if","locations":[{"start":{"line":197,"column":4},"end":{"line":199,"column":5}}]},"8":{"loc":{"start":{"line":214,"column":4},"end":{"line":220,"column":5}},"type":"if","locations":[{"start":{"line":214,"column":4},"end":{"line":220,"column":5}},{"start":{"line":217,"column":11},"end":{"line":220,"column":5}}]},"9":{"loc":{"start":{"line":228,"column":12},"end":{"line":228,"column":47}},"type":"binary-expr","locations":[{"start":{"line":228,"column":12},"end":{"line":228,"column":42}},{"start":{"line":228,"column":46},"end":{"line":228,"column":47}}]},"10":{"loc":{"start":{"line":228,"column":52},"end":{"line":228,"column":91}},"type":"binary-expr","locations":[{"start":{"line":228,"column":52},"end":{"line":228,"column":86}},{"start":{"line":228,"column":90},"end":{"line":228,"column":91}}]}},"s":{"0":1,"1":1,"2":46,"3":46,"4":4,"5":4,"6":4,"7":0,"8":46,"9":46,"10":0,"11":0,"12":0,"13":0,"14":0,"15":0,"16":0,"17":0,"18":0,"19":0,"20":0,"21":0,"22":0,"23":0,"24":0,"25":0,"26":0,"27":0,"28":0,"29":0,"30":5,"31":5,"32":5,"33":5,"34":0,"35":0,"36":0,"37":0,"38":0,"39":0,"40":24,"41":0,"42":0,"43":24,"44":24,"45":0,"46":1},"f":{"0":46,"1":0,"2":5,"3":0,"4":0,"5":0,"6":24,"7":0},"b":{"0":[4],"1":[0],"2":[0],"3":[0],"4":[0],"5":[0],"6":[5],"7":[0],"8":[0,24],"9":[0,0],"10":[0,0]}}
,"/Users/praveenveera/Documents/work-offline/project-vyom/packages/engine/src/workspace-manager/database.ts": {"path":"/Users/praveenveera/Documents/work-offline/project-vyom/packages/engine/src/workspace-manager/database.ts","statementMap":{"0":{"start":{"line":16,"column":2},"end":{"line":16,"column":34}},"1":{"start":{"line":20,"column":2},"end":{"line":20,"column":36}},"2":{"start":{"line":24,"column":2},"end":{"line":24,"column":39}},"3":{"start":{"line":29,"column":23},"end":{"line":29,"column":24}},"4":{"start":{"line":31,"column":22},"end":{"line":134,"column":2}},"5":{"start":{"line":145,"column":15},"end":{"line":145,"column":42}},"6":{"start":{"line":148,"column":14},"end":{"line":148,"column":30}},"7":{"start":{"line":149,"column":2},"end":{"line":151,"column":3}},"8":{"start":{"line":150,"column":4},"end":{"line":150,"column":40}},"9":{"start":{"line":153,"column":13},"end":{"line":153,"column":31}},"10":{"start":{"line":156,"column":2},"end":{"line":156,"column":34}},"11":{"start":{"line":157,"column":2},"end":{"line":157,"column":33}},"12":{"start":{"line":160,"column":2},"end":{"line":160,"column":25}},"13":{"start":{"line":163,"column":18},"end":{"line":165,"column":59}},"14":{"start":{"line":167,"column":2},"end":{"line":169,"column":3}},"15":{"start":{"line":168,"column":4},"end":{"line":168,"column":86}},"16":{"start":{"line":171,"column":2},"end":{"line":171,"column":12}}},"fnMap":{"0":{"name":"getVyomDir","decl":{"start":{"line":15,"column":16},"end":{"line":15,"column":26}},"loc":{"start":{"line":15,"column":26},"end":{"line":17,"column":1}}},"1":{"name":"getDataDir","decl":{"start":{"line":19,"column":16},"end":{"line":19,"column":26}},"loc":{"start":{"line":19,"column":26},"end":{"line":21,"column":1}}},"2":{"name":"getDatabasePath","decl":{"start":{"line":23,"column":16},"end":{"line":23,"column":31}},"loc":{"start":{"line":23,"column":31},"end":{"line":25,"column":1}}},"3":{"name":"initDatabase","decl":{"start":{"line":144,"column":16},"end":{"line":144,"column":28}},"loc":{"start":{"line":144,"column":44},"end":{"line":172,"column":1}}}},"branchMap":{"0":{"loc":{"start":{"line":145,"column":15},"end":{"line":145,"column":42}},"type":"binary-expr","locations":[{"start":{"line":145,"column":15},"end":{"line":145,"column":21}},{"start":{"line":145,"column":25},"end":{"line":145,"column":42}}]},"1":{"loc":{"start":{"line":149,"column":2},"end":{"line":151,"column":3}},"type":"if","locations":[{"start":{"line":149,"column":2},"end":{"line":151,"column":3}}]},"2":{"loc":{"start":{"line":167,"column":2},"end":{"line":169,"column":3}},"type":"if","locations":[{"start":{"line":167,"column":2},"end":{"line":169,"column":3}}]}},"s":{"0":0,"1":0,"2":0,"3":1,"4":1,"5":26,"6":26,"7":26,"8":0,"9":26,"10":26,"11":26,"12":26,"13":26,"14":26,"15":23,"16":26},"f":{"0":0,"1":0,"2":0,"3":26},"b":{"0":[26,0],"1":[0],"2":[23]}}
,"/Users/praveenveera/Documents/work-offline/project-vyom/packages/engine/src/workspace-manager/workspace-manager.ts": {"path":"/Users/praveenveera/Documents/work-offline/project-vyom/packages/engine/src/workspace-manager/workspace-manager.ts","statementMap":{"0":{"start":{"line":94,"column":2},"end":{"line":101,"column":4}},"1":{"start":{"line":105,"column":30},"end":{"line":118,"column":4}},"2":{"start":{"line":120,"column":2},"end":{"line":122,"column":3}},"3":{"start":{"line":121,"column":4},"end":{"line":121,"column":39}},"4":{"start":{"line":124,"column":2},"end":{"line":126,"column":3}},"5":{"start":{"line":125,"column":4},"end":{"line":125,"column":34}},"6":{"start":{"line":128,"column":2},"end":{"line":128,"column":16}},"7":{"start":{"line":145,"column":24},"end":{"line":145,"column":29}},"8":{"start":{"line":155,"column":4},"end":{"line":155,"column":35}},"9":{"start":{"line":158,"column":24},"end":{"line":160,"column":40}},"10":{"start":{"line":162,"column":4},"end":{"line":184,"column":5}},"11":{"start":{"line":163,"column":6},"end":{"line":163,"column":51}},"12":{"start":{"line":166,"column":17},"end":{"line":166,"column":29}},"13":{"start":{"line":167,"column":18},"end":{"line":167,"column":42}},"14":{"start":{"line":169,"column":6},"end":{"line":172,"column":58}},"15":{"start":{"line":174,"column":18},"end":{"line":176,"column":32}},"16":{"start":{"line":178,"column":6},"end":{"line":178,"column":43}},"17":{"start":{"line":180,"column":6},"end":{"line":183,"column":9}},"18":{"start":{"line":186,"column":4},"end":{"line":186,"column":28}},"19":{"start":{"line":187,"column":4},"end":{"line":187,"column":26}},"20":{"start":{"line":197,"column":4},"end":{"line":197,"column":29}},"21":{"start":{"line":198,"column":4},"end":{"line":198,"column":26}},"22":{"start":{"line":206,"column":4},"end":{"line":206,"column":29}},"23":{"start":{"line":208,"column":19},"end":{"line":208,"column":62}},"24":{"start":{"line":209,"column":16},"end":{"line":209,"column":40}},"25":{"start":{"line":211,"column":4},"end":{"line":215,"column":59}},"26":{"start":{"line":217,"column":4},"end":{"line":221,"column":6}},"27":{"start":{"line":223,"column":4},"end":{"line":223,"column":75}},"28":{"start":{"line":225,"column":4},"end":{"line":225,"column":26}},"29":{"start":{"line":235,"column":4},"end":{"line":235,"column":29}},"30":{"start":{"line":237,"column":15},"end":{"line":237,"column":27}},"31":{"start":{"line":238,"column":27},"end":{"line":238,"column":50}},"32":{"start":{"line":239,"column":25},"end":{"line":239,"column":52}},"33":{"start":{"line":241,"column":4},"end":{"line":262,"column":6}},"34":{"start":{"line":264,"column":16},"end":{"line":266,"column":32}},"35":{"start":{"line":268,"column":19},"end":{"line":268,"column":40}},"36":{"start":{"line":270,"column":4},"end":{"line":274,"column":7}},"37":{"start":{"line":276,"column":4},"end":{"line":276,"column":18}},"38":{"start":{"line":283,"column":4},"end":{"line":283,"column":29}},"39":{"start":{"line":285,"column":17},"end":{"line":287,"column":49}},"40":{"start":{"line":289,"column":4},"end":{"line":289,"column":38}},"41":{"start":{"line":297,"column":4},"end":{"line":297,"column":29}},"42":{"start":{"line":299,"column":16},"end":{"line":301,"column":59}},"43":{"start":{"line":303,"column":4},"end":{"line":303,"column":51}},"44":{"start":{"line":311,"column":4},"end":{"line":311,"column":29}},"45":{"start":{"line":313,"column":16},"end":{"line":315,"column":68}},"46":{"start":{"line":317,"column":4},"end":{"line":319,"column":5}},"47":{"start":{"line":318,"column":6},"end":{"line":318,"column":60}},"48":{"start":{"line":322,"column":4},"end":{"line":324,"column":30}},"49":{"start":{"line":326,"column":4},"end":{"line":328,"column":20}},"50":{"start":{"line":330,"column":21},"end":{"line":330,"column":42}},"51":{"start":{"line":332,"column":4},"end":{"line":336,"column":7}},"52":{"start":{"line":338,"column":20},"end":{"line":340,"column":37}},"53":{"start":{"line":342,"column":4},"end":{"line":342,"column":37}},"54":{"start":{"line":351,"column":4},"end":{"line":351,"column":29}},"55":{"start":{"line":353,"column":16},"end":{"line":355,"column":68}},"56":{"start":{"line":357,"column":4},"end":{"line":359,"column":5}},"57":{"start":{"line":358,"column":6},"end":{"line":358,"column":60}},"58":{"start":{"line":361,"column":22},"end":{"line":361,"column":41}},"59":{"start":{"line":363,"column":4},"end":{"line":365,"column":20}},"60":{"start":{"line":368,"column":4},"end":{"line":378,"column":5}},"61":{"start":{"line":369,"column":19},"end":{"line":371,"column":61}},"62":{"start":{"line":373,"column":6},"end":{"line":377,"column":7}},"63":{"start":{"line":374,"column":8},"end":{"line":376,"column":24}},"64":{"start":{"line":388,"column":4},"end":{"line":390,"column":5}},"65":{"start":{"line":389,"column":6},"end":{"line":389,"column":22}},"66":{"start":{"line":396,"column":4},"end":{"line":398,"column":5}},"67":{"start":{"line":397,"column":6},"end":{"line":397,"column":84}}},"fnMap":{"0":{"name":"rowToWorkspace","decl":{"start":{"line":93,"column":9},"end":{"line":93,"column":23}},"loc":{"start":{"line":93,"column":41},"end":{"line":102,"column":1}}},"1":{"name":"rowToModelConfig","decl":{"start":{"line":104,"column":9},"end":{"line":104,"column":25}},"loc":{"start":{"line":104,"column":45},"end":{"line":129,"column":1}}},"2":{"name":"(anonymous_2)","decl":{"start":{"line":153,"column":2},"end":{"line":153,"column":7}},"loc":{"start":{"line":153,"column":34},"end":{"line":188,"column":3}}},"3":{"name":"(anonymous_3)","decl":{"start":{"line":196,"column":2},"end":{"line":196,"column":14}},"loc":{"start":{"line":196,"column":14},"end":{"line":199,"column":3}}},"4":{"name":"(anonymous_4)","decl":{"start":{"line":205,"column":2},"end":{"line":205,"column":16}},"loc":{"start":{"line":205,"column":53},"end":{"line":226,"column":3}}},"5":{"name":"(anonymous_5)","decl":{"start":{"line":234,"column":2},"end":{"line":234,"column":16}},"loc":{"start":{"line":234,"column":47},"end":{"line":277,"column":3}}},"6":{"name":"(anonymous_6)","decl":{"start":{"line":282,"column":2},"end":{"line":282,"column":18}},"loc":{"start":{"line":282,"column":18},"end":{"line":290,"column":3}}},"7":{"name":"(anonymous_7)","decl":{"start":{"line":296,"column":2},"end":{"line":296,"column":16}},"loc":{"start":{"line":296,"column":16},"end":{"line":304,"column":3}}},"8":{"name":"(anonymous_8)","decl":{"start":{"line":310,"column":2},"end":{"line":310,"column":16}},"loc":{"start":{"line":310,"column":32},"end":{"line":343,"column":3}}},"9":{"name":"(anonymous_9)","decl":{"start":{"line":350,"column":2},"end":{"line":350,"column":19}},"loc":{"start":{"line":350,"column":35},"end":{"line":379,"column":3}}},"10":{"name":"(anonymous_10)","decl":{"start":{"line":387,"column":2},"end":{"line":387,"column":7}},"loc":{"start":{"line":387,"column":7},"end":{"line":391,"column":3}}},"11":{"name":"(anonymous_11)","decl":{"start":{"line":395,"column":10},"end":{"line":395,"column":27}},"loc":{"start":{"line":395,"column":27},"end":{"line":399,"column":3}}}},"branchMap":{"0":{"loc":{"start":{"line":120,"column":2},"end":{"line":122,"column":3}},"type":"if","locations":[{"start":{"line":120,"column":2},"end":{"line":122,"column":3}}]},"1":{"loc":{"start":{"line":124,"column":2},"end":{"line":126,"column":3}},"type":"if","locations":[{"start":{"line":124,"column":2},"end":{"line":126,"column":3}}]},"2":{"loc":{"start":{"line":162,"column":4},"end":{"line":184,"column":5}},"type":"if","locations":[{"start":{"line":162,"column":4},"end":{"line":184,"column":5}},{"start":{"line":164,"column":11},"end":{"line":184,"column":5}}]},"3":{"loc":{"start":{"line":254,"column":6},"end":{"line":254,"column":31}},"type":"binary-expr","locations":[{"start":{"line":254,"column":6},"end":{"line":254,"column":23}},{"start":{"line":254,"column":27},"end":{"line":254,"column":31}}]},"4":{"loc":{"start":{"line":255,"column":6},"end":{"line":255,"column":29}},"type":"binary-expr","locations":[{"start":{"line":255,"column":6},"end":{"line":255,"column":21}},{"start":{"line":255,"column":25},"end":{"line":255,"column":29}}]},"5":{"loc":{"start":{"line":256,"column":6},"end":{"line":256,"column":39}},"type":"binary-expr","locations":[{"start":{"line":256,"column":6},"end":{"line":256,"column":34}},{"start":{"line":256,"column":38},"end":{"line":256,"column":39}}]},"6":{"loc":{"start":{"line":257,"column":6},"end":{"line":257,"column":40}},"type":"binary-expr","locations":[{"start":{"line":257,"column":6},"end":{"line":257,"column":35}},{"start":{"line":257,"column":39},"end":{"line":257,"column":40}}]},"7":{"loc":{"start":{"line":258,"column":6},"end":{"line":258,"column":29}},"type":"cond-expr","locations":[{"start":{"line":258,"column":24},"end":{"line":258,"column":25}},{"start":{"line":258,"column":28},"end":{"line":258,"column":29}}]},"8":{"loc":{"start":{"line":259,"column":6},"end":{"line":259,"column":26}},"type":"cond-expr","locations":[{"start":{"line":259,"column":21},"end":{"line":259,"column":22}},{"start":{"line":259,"column":25},"end":{"line":259,"column":26}}]},"9":{"loc":{"start":{"line":260,"column":6},"end":{"line":260,"column":35}},"type":"binary-expr","locations":[{"start":{"line":260,"column":6},"end":{"line":260,"column":27}},{"start":{"line":260,"column":31},"end":{"line":260,"column":35}}]},"10":{"loc":{"start":{"line":261,"column":21},"end":{"line":261,"column":53}},"type":"binary-expr","locations":[{"start":{"line":261,"column":21},"end":{"line":261,"column":41}},{"start":{"line":261,"column":45},"end":{"line":261,"column":53}}]},"11":{"loc":{"start":{"line":303,"column":11},"end":{"line":303,"column":50}},"type":"cond-expr","locations":[{"start":{"line":303,"column":17},"end":{"line":303,"column":38}},{"start":{"line":303,"column":41},"end":{"line":303,"column":50}}]},"12":{"loc":{"start":{"line":317,"column":4},"end":{"line":319,"column":5}},"type":"if","locations":[{"start":{"line":317,"column":4},"end":{"line":319,"column":5}}]},"13":{"loc":{"start":{"line":333,"column":12},"end":{"line":333,"column":30}},"type":"binary-expr","locations":[{"start":{"line":333,"column":12},"end":{"line":333,"column":24}},{"start":{"line":333,"column":28},"end":{"line":333,"column":30}}]},"14":{"loc":{"start":{"line":357,"column":4},"end":{"line":359,"column":5}},"type":"if","locations":[{"start":{"line":357,"column":4},"end":{"line":359,"column":5}}]},"15":{"loc":{"start":{"line":368,"column":4},"end":{"line":378,"column":5}},"type":"if","locations":[{"start":{"line":368,"column":4},"end":{"line":378,"column":5}}]},"16":{"loc":{"start":{"line":373,"column":6},"end":{"line":377,"column":7}},"type":"if","locations":[{"start":{"line":373,"column":6},"end":{"line":377,"column":7}}]},"17":{"loc":{"start":{"line":388,"column":4},"end":{"line":390,"column":5}},"type":"if","locations":[{"start":{"line":388,"column":4},"end":{"line":390,"column":5}}]},"18":{"loc":{"start":{"line":396,"column":4},"end":{"line":398,"column":5}},"type":"if","locations":[{"start":{"line":396,"column":4},"end":{"line":398,"column":5}}]}},"s":{"0":26,"1":36,"2":36,"3":0,"4":36,"5":0,"6":36,"7":27,"8":26,"9":26,"10":26,"11":3,"12":23,"13":23,"14":23,"15":23,"16":23,"17":23,"18":26,"19":26,"20":3,"21":2,"22":3,"23":3,"24":3,"25":3,"26":3,"27":3,"28":3,"29":17,"30":17,"31":17,"32":17,"33":17,"34":17,"35":17,"36":17,"37":17,"38":21,"39":21,"40":21,"41":7,"42":7,"43":7,"44":4,"45":4,"46":4,"47":1,"48":3,"49":3,"50":3,"51":3,"52":3,"53":3,"54":3,"55":3,"56":3,"57":1,"58":2,"59":2,"60":2,"61":2,"62":2,"63":1,"64":30,"65":29,"66":58,"67":1},"f":{"0":26,"1":36,"2":26,"3":3,"4":3,"5":17,"6":21,"7":7,"8":4,"9":3,"10":30,"11":58},"b":{"0":[0],"1":[0],"2":[3,23],"3":[17,17],"4":[17,17],"5":[17,17],"6":[17,17],"7":[11,6],"8":[11,6],"9":[17,17],"10":[17,17],"11":[6,1],"12":[1],"13":[3,0],"14":[1],"15":[2],"16":[1],"17":[29],"18":[1]}}
}
