TN:
SF:src/event-bus/event-bus.ts
FN:124,(anonymous_0)
FN:153,(anonymous_1)
FN:179,(anonymous_2)
FN:186,(anonymous_3)
FN:196,(anonymous_4)
FN:203,(anonymous_5)
FN:213,(anonymous_6)
FN:227,(anonymous_7)
FNF:8
FNH:3
FNDA:46,(anonymous_0)
FNDA:0,(anonymous_1)
FNDA:5,(anonymous_2)
FNDA:0,(anonymous_3)
FNDA:0,(anonymous_4)
FNDA:0,(anonymous_5)
FNDA:24,(anonymous_6)
FNDA:0,(anonymous_7)
DA:116,1
DA:117,1
DA:125,46
DA:126,46
DA:127,4
DA:128,4
DA:129,4
DA:131,0
DA:136,46
DA:137,46
DA:138,0
DA:139,0
DA:140,0
DA:142,0
DA:145,0
DA:154,0
DA:156,0
DA:157,0
DA:158,0
DA:159,0
DA:160,0
DA:164,0
DA:165,0
DA:166,0
DA:167,0
DA:168,0
DA:170,0
DA:173,0
DA:180,5
DA:181,5
DA:183,5
DA:185,5
DA:187,0
DA:197,0
DA:198,0
DA:200,0
DA:202,0
DA:204,0
DA:214,24
DA:215,0
DA:216,0
DA:218,24
DA:219,24
DA:228,0
DA:233,1
LF:45
LH:17
BRDA:126,0,0,4
BRDA:137,1,0,0
BRDA:157,2,0,0
BRDA:160,3,0,0
BRDA:165,4,0,0
BRDA:168,5,0,0
BRDA:180,6,0,5
BRDA:197,7,0,0
BRDA:214,8,0,0
BRDA:214,8,1,24
BRDA:228,9,0,0
BRDA:228,9,1,0
BRDA:228,10,0,0
BRDA:228,10,1,0
BRF:14
BRH:3
end_of_record
TN:
SF:src/workspace-manager/database.ts
FN:15,getVyomDir
FN:19,getDataDir
FN:23,getDatabasePath
FN:144,initDatabase
FNF:4
FNH:1
FNDA:0,getVyomDir
FNDA:0,getDataDir
FNDA:0,getDatabasePath
FNDA:26,initDatabase
DA:16,0
DA:20,0
DA:24,0
DA:29,1
DA:31,1
DA:145,26
DA:148,26
DA:149,26
DA:150,0
DA:153,26
DA:156,26
DA:157,26
DA:160,26
DA:163,26
DA:167,26
DA:168,23
DA:171,26
LF:17
LH:13
BRDA:145,0,0,26
BRDA:145,0,1,0
BRDA:149,1,0,0
BRDA:167,2,0,23
BRF:4
BRH:2
end_of_record
TN:
SF:src/workspace-manager/workspace-manager.ts
FN:93,rowToWorkspace
FN:104,rowToModelConfig
FN:153,(anonymous_2)
FN:196,(anonymous_3)
FN:205,(anonymous_4)
FN:234,(anonymous_5)
FN:282,(anonymous_6)
FN:296,(anonymous_7)
FN:310,(anonymous_8)
FN:350,(anonymous_9)
FN:387,(anonymous_10)
FN:395,(anonymous_11)
FNF:12
FNH:12
FNDA:26,rowToWorkspace
FNDA:36,rowToModelConfig
FNDA:26,(anonymous_2)
FNDA:3,(anonymous_3)
FNDA:3,(anonymous_4)
FNDA:17,(anonymous_5)
FNDA:21,(anonymous_6)
FNDA:7,(anonymous_7)
FNDA:4,(anonymous_8)
FNDA:3,(anonymous_9)
FNDA:30,(anonymous_10)
FNDA:58,(anonymous_11)
DA:94,26
DA:105,36
DA:120,36
DA:121,0
DA:124,36
DA:125,0
DA:128,36
DA:145,27
DA:155,26
DA:158,26
DA:162,26
DA:163,3
DA:166,23
DA:167,23
DA:169,23
DA:174,23
DA:178,23
DA:180,23
DA:186,26
DA:187,26
DA:197,3
DA:198,2
DA:206,3
DA:208,3
DA:209,3
DA:211,3
DA:217,3
DA:223,3
DA:225,3
DA:235,17
DA:237,17
DA:238,17
DA:239,17
DA:241,17
DA:264,17
DA:268,17
DA:270,17
DA:276,17
DA:283,21
DA:285,21
DA:289,21
DA:297,7
DA:299,7
DA:303,7
DA:311,4
DA:313,4
DA:317,4
DA:318,1
DA:322,3
DA:326,3
DA:330,3
DA:332,3
DA:338,3
DA:342,3
DA:351,3
DA:353,3
DA:357,3
DA:358,1
DA:361,2
DA:363,2
DA:368,2
DA:369,2
DA:373,2
DA:374,1
DA:388,30
DA:389,29
DA:396,58
DA:397,1
LF:68
LH:66
BRDA:120,0,0,0
BRDA:124,1,0,0
BRDA:162,2,0,3
BRDA:162,2,1,23
BRDA:254,3,0,17
BRDA:254,3,1,17
BRDA:255,4,0,17
BRDA:255,4,1,17
BRDA:256,5,0,17
BRDA:256,5,1,17
BRDA:257,6,0,17
BRDA:257,6,1,17
BRDA:258,7,0,11
BRDA:258,7,1,6
BRDA:259,8,0,11
BRDA:259,8,1,6
BRDA:260,9,0,17
BRDA:260,9,1,17
BRDA:261,10,0,17
BRDA:261,10,1,17
BRDA:303,11,0,6
BRDA:303,11,1,1
BRDA:317,12,0,1
BRDA:333,13,0,3
BRDA:333,13,1,0
BRDA:357,14,0,1
BRDA:368,15,0,2
BRDA:373,16,0,1
BRDA:388,17,0,29
BRDA:396,18,0,1
BRF:30
BRH:27
end_of_record
