TN:
SF:src/agent-runner/agent-runner.ts
FN:37,(anonymous_0)
FN:43,(anonymous_1)
FN:102,(anonymous_2)
FN:154,(anonymous_3)
FN:159,(anonymous_4)
FN:165,(anonymous_5)
FN:178,cleanAgentOutput
FNF:7
FNH:7
FNDA:26,(anonymous_0)
FNDA:18,(anonymous_1)
FNDA:3,(anonymous_2)
FNDA:2,(anonymous_3)
FNDA:5,(anonymous_4)
FNDA:21,(anonymous_5)
FNDA:16,cleanAgentOutput
DA:37,26
DA:44,18
DA:45,18
DA:48,18
DA:49,18
DA:51,1
DA:52,1
DA:55,17
DA:61,17
DA:62,17
DA:70,16
DA:76,16
DA:82,1
DA:84,1
DA:90,1
DA:106,3
DA:107,3
DA:108,3
DA:110,3
DA:116,3
DA:117,3
DA:128,3
DA:130,3
DA:131,4
DA:132,4
DA:135,2
DA:142,2
DA:143,2
DA:146,1
DA:148,1
DA:149,1
DA:155,2
DA:160,5
DA:166,21
DA:167,21
DA:168,1
DA:170,20
DA:179,16
DA:180,4
DA:183,12
DA:186,12
DA:187,12
DA:188,12
DA:189,0
DA:190,0
DA:192,0
DA:196,12
DA:197,12
DA:198,12
DA:199,1
DA:200,1
DA:201,1
DA:208,11
DA:209,11
DA:210,11
DA:211,1
DA:214,10
LF:57
LH:54
BRDA:43,0,0,17
BRDA:44,1,0,18
BRDA:44,1,1,17
BRDA:51,2,0,1
BRDA:51,2,1,0
BRDA:67,3,0,17
BRDA:67,3,1,0
BRDA:82,4,0,1
BRDA:82,4,1,0
BRDA:104,5,0,3
BRDA:107,6,0,3
BRDA:107,6,1,3
BRDA:123,7,0,3
BRDA:123,7,1,0
BRDA:142,8,0,2
BRDA:146,9,0,1
BRDA:146,9,1,0
BRDA:167,10,0,1
BRDA:179,11,0,4
BRDA:179,12,0,16
BRDA:179,12,1,16
BRDA:179,12,2,14
BRDA:188,13,0,0
BRDA:189,14,0,0
BRDA:198,15,0,1
BRDA:210,16,0,1
BRF:26
BRH:19
end_of_record
TN:
SF:src/agent-runner/built-in-agents.ts
FN:21,contextBlock
FN:26,(anonymous_1)
FN:38,(anonymous_2)
FN:42,(anonymous_3)
FN:51,(anonymous_4)
FN:69,(anonymous_5)
FN:78,(anonymous_6)
FN:88,(anonymous_7)
FN:97,(anonymous_8)
FN:106,(anonymous_9)
FN:115,(anonymous_10)
FN:125,(anonymous_11)
FN:134,(anonymous_12)
FN:142,(anonymous_13)
FN:147,(anonymous_14)
FN:147,(anonymous_15)
FNF:16
FNH:14
FNDA:20,contextBlock
FNDA:1,(anonymous_1)
FNDA:0,(anonymous_2)
FNDA:0,(anonymous_3)
FNDA:13,(anonymous_4)
FNDA:13,(anonymous_5)
FNDA:2,(anonymous_6)
FNDA:2,(anonymous_7)
FNDA:2,(anonymous_8)
FNDA:2,(anonymous_9)
FNDA:1,(anonymous_10)
FNDA:1,(anonymous_11)
FNDA:2,(anonymous_12)
FNDA:2,(anonymous_13)
FNDA:6,(anonymous_14)
FNDA:6,(anonymous_15)
DA:22,20
DA:23,1
DA:24,1
DA:25,1
DA:26,1
DA:28,1
DA:31,1
DA:38,0
DA:42,0
DA:51,13
DA:69,13
DA:78,2
DA:88,2
DA:97,2
DA:106,2
DA:115,1
DA:125,1
DA:134,2
DA:142,2
DA:146,1
DA:147,6
LF:21
LH:19
BRDA:22,0,0,19
BRDA:24,1,0,1
BRDA:25,2,0,1
BRDA:28,3,0,1
BRDA:28,3,1,0
BRF:5
BRH:4
end_of_record
TN:
SF:src/cost-engine/cost-engine.ts
FN:72,rowToTokenUsage
FN:94,(anonymous_1)
FN:100,(anonymous_2)
FN:101,(anonymous_3)
FN:119,(anonymous_4)
FN:126,(anonymous_5)
FN:168,(anonymous_6)
FN:176,(anonymous_7)
FN:184,(anonymous_8)
FN:195,buildSummary
FNF:10
FNH:10
FNDA:13,rowToTokenUsage
FNDA:12,(anonymous_1)
FNDA:1,(anonymous_2)
FNDA:1,(anonymous_3)
FNDA:12,(anonymous_4)
FNDA:13,(anonymous_5)
FNDA:6,(anonymous_6)
FNDA:1,(anonymous_7)
FNDA:1,(anonymous_8)
FNDA:8,buildSummary
DA:73,13
DA:94,12
DA:101,1
DA:102,1
DA:120,12
DA:121,1
DA:122,1
DA:127,13
DA:128,13
DA:129,13
DA:131,13
DA:153,13
DA:157,13
DA:159,13
DA:165,13
DA:169,6
DA:173,6
DA:177,1
DA:181,1
DA:185,1
DA:191,1
DA:196,8
DA:197,8
DA:198,8
DA:199,8
DA:200,8
DA:201,8
DA:202,8
DA:204,8
DA:205,9
DA:206,9
DA:207,9
DA:208,9
DA:210,9
DA:211,1
DA:213,8
DA:216,9
DA:217,9
DA:218,9
DA:220,9
DA:221,9
DA:222,9
DA:223,9
DA:226,8
LF:44
LH:44
BRDA:120,0,0,1
BRDA:149,1,0,2
BRDA:149,1,1,11
BRDA:210,2,0,1
BRDA:210,2,1,8
BRF:5
BRH:5
end_of_record
TN:
SF:src/event-bus/event-bus.ts
FN:124,(anonymous_0)
FN:153,(anonymous_1)
FN:179,(anonymous_2)
FN:186,(anonymous_3)
FN:196,(anonymous_4)
FN:203,(anonymous_5)
FN:213,(anonymous_6)
FN:227,(anonymous_7)
FNF:8
FNH:4
FNDA:191,(anonymous_0)
FNDA:0,(anonymous_1)
FNDA:31,(anonymous_2)
FNDA:1,(anonymous_3)
FNDA:0,(anonymous_4)
FNDA:0,(anonymous_5)
FNDA:129,(anonymous_6)
FNDA:0,(anonymous_7)
DA:116,6
DA:117,6
DA:125,191
DA:126,191
DA:127,28
DA:128,28
DA:129,28
DA:131,0
DA:136,191
DA:137,191
DA:138,0
DA:139,0
DA:140,0
DA:142,0
DA:145,0
DA:154,0
DA:156,0
DA:157,0
DA:158,0
DA:159,0
DA:160,0
DA:164,0
DA:165,0
DA:166,0
DA:167,0
DA:168,0
DA:170,0
DA:173,0
DA:180,31
DA:181,31
DA:183,31
DA:185,31
DA:187,1
DA:197,0
DA:198,0
DA:200,0
DA:202,0
DA:204,0
DA:214,129
DA:215,0
DA:216,0
DA:218,129
DA:219,129
DA:228,0
DA:233,6
LF:45
LH:18
BRDA:126,0,0,28
BRDA:137,1,0,0
BRDA:157,2,0,0
BRDA:160,3,0,0
BRDA:165,4,0,0
BRDA:168,5,0,0
BRDA:180,6,0,31
BRDA:197,7,0,0
BRDA:214,8,0,0
BRDA:214,8,1,129
BRDA:228,9,0,0
BRDA:228,9,1,0
BRDA:228,10,0,0
BRDA:228,10,1,0
BRF:14
BRH:3
end_of_record
TN:
SF:src/file-system/file-system.ts
FN:54,(anonymous_0)
FN:58,(anonymous_1)
FN:63,(anonymous_2)
FN:70,(anonymous_3)
FN:91,(anonymous_4)
FN:114,(anonymous_5)
FN:120,(anonymous_6)
FN:129,(anonymous_7)
FN:139,(anonymous_8)
FN:144,(anonymous_9)
FN:150,(anonymous_10)
FN:168,(anonymous_11)
FN:175,(anonymous_12)
FN:195,(anonymous_13)
FN:201,(anonymous_14)
FN:207,(anonymous_15)
FN:208,(anonymous_16)
FN:212,(anonymous_17)
FN:216,(anonymous_18)
FN:224,(anonymous_19)
FN:229,(anonymous_20)
FN:238,(anonymous_21)
FN:247,(anonymous_22)
FN:257,(anonymous_23)
FN:263,(anonymous_24)
FN:283,normPath
FNF:26
FNH:20
FNDA:31,(anonymous_0)
FNDA:9,(anonymous_1)
FNDA:1,(anonymous_2)
FNDA:21,(anonymous_3)
FNDA:1,(anonymous_4)
FNDA:3,(anonymous_5)
FNDA:2,(anonymous_6)
FNDA:2,(anonymous_7)
FNDA:2,(anonymous_8)
FNDA:5,(anonymous_9)
FNDA:6,(anonymous_10)
FNDA:5,(anonymous_11)
FNDA:2,(anonymous_12)
FNDA:5,(anonymous_13)
FNDA:0,(anonymous_14)
FNDA:0,(anonymous_15)
FNDA:0,(anonymous_16)
FNDA:0,(anonymous_17)
FNDA:1,(anonymous_18)
FNDA:5,(anonymous_19)
FNDA:33,(anonymous_20)
FNDA:53,(anonymous_21)
FNDA:12,(anonymous_22)
FNDA:0,(anonymous_23)
FNDA:0,(anonymous_24)
FNDA:47,normPath
DA:47,1
DA:52,31
DA:54,31
DA:59,9
DA:60,8
DA:64,1
DA:65,1
DA:71,21
DA:72,21
DA:74,21
DA:76,21
DA:77,21
DA:78,21
DA:80,19
DA:83,21
DA:85,21
DA:92,1
DA:93,1
DA:95,1
DA:97,1
DA:98,1
DA:99,1
DA:101,1
DA:104,1
DA:106,1
DA:115,3
DA:116,3
DA:117,2
DA:121,2
DA:122,2
DA:123,2
DA:124,2
DA:125,2
DA:126,2
DA:130,2
DA:131,2
DA:132,2
DA:133,2
DA:134,2
DA:140,2
DA:141,2
DA:145,5
DA:146,5
DA:147,5
DA:149,5
DA:151,6
DA:152,6
DA:153,6
DA:169,5
DA:170,5
DA:171,5
DA:172,5
DA:176,2
DA:177,2
DA:178,2
DA:179,1
DA:181,1
DA:196,5
DA:198,4
DA:202,0
DA:203,0
DA:204,0
DA:206,0
DA:207,0
DA:208,0
DA:212,4
DA:213,4
DA:217,1
DA:218,1
DA:219,1
DA:220,1
DA:225,5
DA:230,33
DA:231,3
DA:233,33
DA:239,53
DA:243,53
DA:244,52
DA:254,12
DA:256,11
DA:257,11
DA:259,11
DA:260,13
DA:262,11
DA:263,11
DA:264,11
DA:266,11
DA:274,11
DA:275,7
DA:284,47
LF:90
LH:84
BRDA:85,0,0,19
BRDA:85,0,1,2
BRDA:106,1,0,1
BRDA:106,1,1,0
BRDA:144,2,0,3
BRDA:146,3,0,3
BRDA:146,3,1,2
BRDA:152,4,0,4
BRDA:152,4,1,2
BRDA:168,5,0,3
BRDA:196,6,0,1
BRDA:202,7,0,0
BRDA:218,8,0,1
BRDA:243,9,0,1
BRDA:254,10,0,1
BRDA:256,11,0,6
BRDA:256,11,1,5
BRDA:260,12,0,2
BRDA:262,13,0,7
BRDA:262,13,1,4
BRDA:264,14,0,0
BRDA:274,15,0,7
BRF:22
BRH:19
end_of_record
TN:
SF:src/project-manager/project-manager.ts
FN:52,rowToProject
FN:69,(anonymous_1)
FN:74,(anonymous_2)
FN:104,(anonymous_3)
FN:116,(anonymous_4)
FN:131,(anonymous_5)
FN:137,(anonymous_6)
FN:142,(anonymous_7)
FN:158,(anonymous_8)
FN:172,(anonymous_9)
FN:200,(anonymous_10)
FNF:11
FNH:11
FNDA:32,rowToProject
FNDA:20,(anonymous_1)
FNDA:17,(anonymous_2)
FNDA:13,(anonymous_3)
FNDA:5,(anonymous_4)
FNDA:1,(anonymous_5)
FNDA:1,(anonymous_6)
FNDA:5,(anonymous_7)
FNDA:1,(anonymous_8)
FNDA:3,(anonymous_9)
FNDA:2,(anonymous_10)
DA:53,32
DA:70,20
DA:71,20
DA:75,17
DA:76,17
DA:78,17
DA:92,17
DA:93,17
DA:95,17
DA:101,17
DA:105,13
DA:109,13
DA:110,2
DA:113,11
DA:117,5
DA:118,5
DA:120,5
DA:121,2
DA:122,2
DA:125,5
DA:127,5
DA:128,5
DA:132,1
DA:133,1
DA:134,1
DA:138,1
DA:139,1
DA:143,5
DA:145,5
DA:149,5
DA:150,1
DA:153,4
DA:154,4
DA:155,4
DA:159,1
DA:161,1
DA:165,1
DA:166,0
DA:169,1
DA:173,3
DA:174,3
DA:175,3
DA:177,3
DA:178,2
DA:179,2
DA:182,3
DA:183,1
DA:184,1
DA:187,3
DA:189,3
DA:193,3
DA:194,1
DA:197,2
DA:201,2
DA:203,1
LF:55
LH:54
BRDA:85,0,0,17
BRDA:85,0,1,16
BRDA:109,1,0,2
BRDA:120,2,0,2
BRDA:149,3,0,1
BRDA:165,4,0,0
BRDA:177,5,0,2
BRDA:182,6,0,1
BRDA:193,7,0,1
BRF:9
BRH:8
end_of_record
TN:
SF:src/session-manager/session-manager.ts
FN:74,rowToSession
FN:85,rowToMessage
FN:101,(anonymous_2)
FN:103,(anonymous_3)
FN:121,(anonymous_4)
FN:137,(anonymous_5)
FN:147,(anonymous_6)
FN:156,(anonymous_7)
FN:180,(anonymous_8)
FN:218,(anonymous_9)
FN:237,(anonymous_10)
FN:251,(anonymous_11)
FN:253,(anonymous_12)
FNF:13
FNH:12
FNDA:41,rowToSession
FNDA:20,rowToMessage
FNDA:18,(anonymous_2)
FNDA:16,(anonymous_3)
FNDA:4,(anonymous_4)
FNDA:25,(anonymous_5)
FNDA:2,(anonymous_6)
FNDA:10,(anonymous_7)
FNDA:3,(anonymous_8)
FNDA:0,(anonymous_9)
FNDA:3,(anonymous_10)
FNDA:2,(anonymous_11)
FNDA:4,(anonymous_12)
DA:75,41
DA:81,41
DA:82,41
DA:86,20
DA:93,20
DA:94,20
DA:95,20
DA:101,18
DA:104,16
DA:105,16
DA:106,16
DA:108,16
DA:113,16
DA:114,16
DA:116,16
DA:118,16
DA:122,4
DA:124,4
DA:126,3
DA:127,3
DA:129,3
DA:131,3
DA:132,3
DA:134,3
DA:138,25
DA:142,25
DA:144,23
DA:149,2
DA:153,2
DA:157,10
DA:159,9
DA:160,9
DA:162,9
DA:167,9
DA:168,9
DA:170,9
DA:172,9
DA:181,3
DA:183,3
DA:184,3
DA:186,3
DA:198,3
DA:199,3
DA:201,3
DA:202,3
DA:215,3
DA:219,0
DA:221,0
DA:222,0
DA:224,0
DA:229,0
DA:230,0
DA:232,0
DA:234,0
DA:238,3
DA:240,3
DA:244,3
DA:252,2
DA:253,4
LF:59
LH:51
BRDA:81,0,0,4
BRDA:93,1,0,4
BRDA:94,2,0,0
BRDA:106,3,0,16
BRDA:106,3,1,13
BRDA:124,4,0,1
BRDA:142,5,0,2
BRDA:194,6,0,3
BRDA:194,6,1,3
BRDA:227,7,0,0
BRDA:227,7,1,0
BRDA:251,8,0,1
BRF:12
BRH:9
end_of_record
TN:
SF:src/workspace-manager/database.ts
FN:15,getGarageBuildDir
FN:19,getDataDir
FN:23,getDatabasePath
FN:144,initDatabase
FNF:4
FNH:1
FNDA:0,getGarageBuildDir
FNDA:0,getDataDir
FNDA:0,getDatabasePath
FNDA:110,initDatabase
DA:16,0
DA:20,0
DA:24,0
DA:29,5
DA:31,5
DA:145,110
DA:148,110
DA:149,110
DA:150,0
DA:153,110
DA:156,110
DA:157,110
DA:160,110
DA:163,110
DA:167,110
DA:168,107
DA:171,110
LF:17
LH:13
BRDA:145,0,0,110
BRDA:145,0,1,0
BRDA:149,1,0,0
BRDA:167,2,0,107
BRF:4
BRH:2
end_of_record
TN:
SF:src/workspace-manager/workspace-manager.ts
FN:93,rowToWorkspace
FN:104,rowToModelConfig
FN:153,(anonymous_2)
FN:196,(anonymous_3)
FN:205,(anonymous_4)
FN:234,(anonymous_5)
FN:282,(anonymous_6)
FN:296,(anonymous_7)
FN:310,(anonymous_8)
FN:350,(anonymous_9)
FN:387,(anonymous_10)
FN:405,(anonymous_11)
FN:414,(anonymous_12)
FN:422,(anonymous_13)
FNF:14
FNH:14
FNDA:29,rowToWorkspace
FNDA:38,rowToModelConfig
FNDA:29,(anonymous_2)
FNDA:3,(anonymous_3)
FNDA:3,(anonymous_4)
FNDA:18,(anonymous_5)
FNDA:22,(anonymous_6)
FNDA:7,(anonymous_7)
FNDA:4,(anonymous_8)
FNDA:3,(anonymous_9)
FNDA:3,(anonymous_10)
FNDA:2,(anonymous_11)
FNDA:35,(anonymous_12)
FNDA:65,(anonymous_13)
DA:94,29
DA:105,38
DA:120,38
DA:121,0
DA:124,38
DA:125,0
DA:128,38
DA:145,32
DA:155,29
DA:158,29
DA:162,29
DA:163,3
DA:166,26
DA:167,26
DA:169,26
DA:174,26
DA:178,26
DA:180,26
DA:186,29
DA:187,29
DA:197,3
DA:198,2
DA:206,3
DA:208,3
DA:209,3
DA:211,3
DA:217,3
DA:223,3
DA:225,3
DA:235,18
DA:237,18
DA:238,18
DA:239,18
DA:241,18
DA:264,18
DA:268,18
DA:270,18
DA:276,18
DA:283,22
DA:285,22
DA:289,22
DA:297,7
DA:299,7
DA:303,7
DA:311,4
DA:313,4
DA:317,4
DA:318,1
DA:322,3
DA:326,3
DA:330,3
DA:332,3
DA:338,3
DA:342,3
DA:351,3
DA:353,3
DA:357,3
DA:358,1
DA:361,2
DA:363,2
DA:368,2
DA:369,2
DA:373,2
DA:374,1
DA:388,3
DA:390,2
DA:394,2
DA:395,1
DA:398,1
DA:406,2
DA:407,1
DA:415,35
DA:416,32
DA:423,65
DA:424,3
LF:75
LH:73
BRDA:120,0,0,0
BRDA:124,1,0,0
BRDA:162,2,0,3
BRDA:162,2,1,26
BRDA:254,3,0,18
BRDA:254,3,1,18
BRDA:255,4,0,18
BRDA:255,4,1,18
BRDA:256,5,0,18
BRDA:256,5,1,18
BRDA:257,6,0,18
BRDA:257,6,1,18
BRDA:258,7,0,12
BRDA:258,7,1,6
BRDA:259,8,0,12
BRDA:259,8,1,6
BRDA:260,9,0,18
BRDA:260,9,1,18
BRDA:261,10,0,18
BRDA:261,10,1,18
BRDA:303,11,0,6
BRDA:303,11,1,1
BRDA:317,12,0,1
BRDA:333,13,0,3
BRDA:333,13,1,0
BRDA:357,14,0,1
BRDA:368,15,0,2
BRDA:373,16,0,1
BRDA:394,17,0,1
BRDA:415,18,0,32
BRDA:423,19,0,3
BRF:31
BRH:28
end_of_record
